entities: 61183 (+PAD)  relations: 6 (+PAD)  max_triples: 212
Epoch   1/151 | Total   1.3356 | CE   1.3167 | KL   0.1886
Saved checkpoint at epoch 1
Epoch   2/151 | Total   0.8178 | CE   0.7997 | KL   0.1710
Epoch   3/151 | Total   0.7576 | CE   0.7379 | KL   0.1759
Epoch   4/151 | Total   0.7110 | CE   0.6885 | KL   0.1904
Epoch   5/151 | Total   0.6672 | CE   0.6409 | KL   0.2119
Epoch   6/151 | Total   0.6329 | CE   0.6045 | KL   0.2192
Saved checkpoint at epoch 6
Epoch   7/151 | Total   0.5988 | CE   0.5676 | KL   0.2297
Epoch   8/151 | Total   0.5741 | CE   0.5412 | KL   0.2321
Epoch   9/151 | Total   0.5533 | CE   0.5176 | KL   0.2416
Epoch  10/151 | Total   0.5195 | CE   0.4832 | KL   0.2362
Epoch  11/151 | Total   0.5006 | CE   0.4626 | KL   0.2379
Saved checkpoint at epoch 11
Epoch  12/151 | Total   0.4776 | CE   0.4380 | KL   0.2388
Epoch  13/151 | Total   0.4582 | CE   0.4168 | KL   0.2409
Epoch  14/151 | Total   0.4378 | CE   0.3951 | KL   0.2405
Epoch  15/151 | Total   0.4241 | CE   0.3798 | KL   0.2413
Epoch  16/151 | Total   0.4084 | CE   0.3623 | KL   0.2430
Saved checkpoint at epoch 16
Epoch  17/151 | Total   0.3935 | CE   0.3465 | KL   0.2408
Epoch  18/151 | Total   0.3813 | CE   0.3327 | KL   0.2415
Epoch  19/151 | Total   0.3666 | CE   0.3167 | KL   0.2408
Epoch  20/151 | Total   0.3572 | CE   0.3057 | KL   0.2416
Epoch  21/151 | Total   0.3436 | CE   0.2905 | KL   0.2422
Saved checkpoint at epoch 21
Epoch  22/151 | Total   0.3448 | CE   0.2913 | KL   0.2374
Epoch  23/151 | Total   0.3362 | CE   0.2818 | KL   0.2354
Epoch  24/151 | Total   0.3294 | CE   0.2727 | KL   0.2390
Epoch  25/151 | Total   0.3157 | CE   0.2583 | KL   0.2365
Epoch  26/151 | Total   0.3081 | CE   0.2493 | KL   0.2358
Saved checkpoint at epoch 26
Epoch  27/151 | Total   0.3014 | CE   0.2415 | KL   0.2352
Epoch  28/151 | Total   0.2954 | CE   0.2339 | KL   0.2357
Epoch  29/151 | Total   0.2939 | CE   0.2310 | KL   0.2356
Epoch  30/151 | Total   0.2881 | CE   0.2245 | KL   0.2334
Epoch  31/151 | Total   0.2869 | CE   0.2221 | KL   0.2323
Saved checkpoint at epoch 31
Epoch  32/151 | Total   0.2768 | CE   0.2108 | KL   0.2316
Epoch  33/151 | Total   0.2768 | CE   0.2093 | KL   0.2323
Epoch  34/151 | Total   0.2701 | CE   0.2019 | KL   0.2301
Epoch  35/151 | Total   0.2697 | CE   0.2000 | KL   0.2302
Epoch  36/151 | Total   0.2656 | CE   0.1949 | KL   0.2291
Saved checkpoint at epoch 36
Epoch  37/151 | Total   0.2664 | CE   0.1950 | KL   0.2267
Epoch  38/151 | Total   0.2623 | CE   0.1899 | KL   0.2260
Epoch  39/151 | Total   0.2609 | CE   0.1871 | KL   0.2263
Epoch  40/151 | Total   0.2614 | CE   0.1863 | KL   0.2259
Epoch  41/151 | Total   0.2536 | CE   0.1781 | KL   0.2232
Saved checkpoint at epoch 41
Epoch  42/151 | Total   0.2610 | CE   0.1835 | KL   0.2251
Epoch  43/151 | Total   0.2516 | CE   0.1736 | KL   0.2228
Epoch  44/151 | Total   0.2522 | CE   0.1731 | KL   0.2221
Epoch  45/151 | Total   0.2465 | CE   0.1668 | KL   0.2202
Epoch  46/151 | Total   0.2552 | CE   0.1732 | KL   0.2227
Saved checkpoint at epoch 46
Epoch  47/151 | Total   0.2507 | CE   0.1688 | KL   0.2190
Epoch  48/151 | Total   0.2435 | CE   0.1611 | KL   0.2167
Epoch  49/151 | Total   0.2413 | CE   0.1578 | KL   0.2163
Epoch  50/151 | Total   0.2410 | CE   0.1566 | KL   0.2153
Epoch  51/151 | Total   0.2407 | CE   0.1557 | KL   0.2135
Saved checkpoint at epoch 51
Epoch  52/151 | Total   0.2419 | CE   0.1557 | KL   0.2136
Epoch  53/151 | Total   0.2377 | CE   0.1507 | KL   0.2123
Epoch  54/151 | Total   0.2375 | CE   0.1496 | KL   0.2112
Epoch  55/151 | Total   0.2351 | CE   0.1463 | KL   0.2105
Epoch  56/151 | Total   0.2363 | CE   0.1463 | KL   0.2102
Saved checkpoint at epoch 56
Epoch  57/151 | Total   0.2330 | CE   0.1425 | KL   0.2087
Epoch  58/151 | Total   0.2332 | CE   0.1416 | KL   0.2083
Epoch  59/151 | Total   0.2321 | CE   0.1397 | KL   0.2073
Epoch  60/151 | Total   0.2293 | CE   0.1355 | KL   0.2076
Epoch  61/151 | Total   0.2281 | CE   0.1339 | KL   0.2059
Saved checkpoint at epoch 61
Epoch  62/151 | Total   0.2280 | CE   0.1333 | KL   0.2044
Epoch  63/151 | Total   0.2266 | CE   0.1307 | KL   0.2042
Epoch  64/151 | Total   0.2275 | CE   0.1307 | KL   0.2036
Epoch  65/151 | Total   0.2266 | CE   0.1289 | KL   0.2029
Epoch  66/151 | Total   0.2274 | CE   0.1284 | KL   0.2029
Saved checkpoint at epoch 66
Epoch  67/151 | Total   0.2242 | CE   0.1250 | KL   0.2011
Epoch  68/151 | Total   0.2265 | CE   0.1263 | KL   0.2005
Epoch  69/151 | Total   0.2243 | CE   0.1236 | KL   0.1992
Epoch  70/151 | Total   0.2229 | CE   0.1215 | KL   0.1984
Epoch  71/151 | Total   0.2239 | CE   0.1214 | KL   0.1981
Saved checkpoint at epoch 71
Epoch  72/151 | Total   0.2234 | CE   0.1205 | KL   0.1966
Epoch  73/151 | Total   0.2260 | CE   0.1220 | KL   0.1965
Epoch  74/151 | Total   0.2224 | CE   0.1177 | KL   0.1955
Epoch  75/151 | Total   0.2215 | CE   0.1163 | KL   0.1944
Epoch  76/151 | Total   0.2224 | CE   0.1163 | KL   0.1940
Saved checkpoint at epoch 76
Epoch  77/151 | Total   0.2207 | CE   0.1137 | KL   0.1936
Epoch  78/151 | Total   0.2232 | CE   0.1151 | KL   0.1935
Epoch  79/151 | Total   0.2202 | CE   0.1116 | KL   0.1921
Epoch  80/151 | Total   0.2197 | CE   0.1105 | KL   0.1912
Epoch  81/151 | Total   0.2193 | CE   0.1094 | KL   0.1905
Saved checkpoint at epoch 81
Epoch  82/151 | Total   0.2192 | CE   0.1085 | KL   0.1900
Epoch  83/151 | Total   0.2183 | CE   0.1071 | KL   0.1889
Epoch  84/151 | Total   0.2194 | CE   0.1075 | KL   0.1882
Epoch  85/151 | Total   0.2176 | CE   0.1051 | KL   0.1874
Epoch  86/151 | Total   0.2177 | CE   0.1047 | KL   0.1863
Saved checkpoint at epoch 86
Epoch  87/151 | Total   0.2174 | CE   0.1033 | KL   0.1861
Epoch  88/151 | Total   0.2186 | CE   0.1041 | KL   0.1851
Epoch  89/151 | Total   0.2206 | CE   0.1050 | KL   0.1851
Epoch  90/151 | Total   0.2217 | CE   0.1051 | KL   0.1849
Epoch  91/151 | Total   0.2204 | CE   0.1037 | KL   0.1833
Saved checkpoint at epoch 91
Epoch  92/151 | Total   0.2204 | CE   0.1032 | KL   0.1825
Epoch  93/151 | Total   0.2207 | CE   0.1025 | KL   0.1823
Epoch  94/151 | Total   0.2200 | CE   0.1015 | KL   0.1812
Epoch  95/151 | Total   0.2202 | CE   0.1006 | KL   0.1811
Epoch  96/151 | Total   0.2201 | CE   0.0998 | KL   0.1805
Saved checkpoint at epoch 96
Epoch  97/151 | Total   0.2205 | CE   0.0997 | KL   0.1797
Epoch  98/151 | Total   0.2207 | CE   0.0991 | KL   0.1794
Epoch  99/151 | Total   0.2206 | CE   0.0986 | KL   0.1784
Epoch 100/151 | Total   0.2210 | CE   0.0981 | KL   0.1780
Epoch 101/151 | Total   0.2224 | CE   0.0987 | KL   0.1777
Saved checkpoint at epoch 101
Epoch 102/151 | Total   0.2220 | CE   0.0980 | KL   0.1766
Epoch 103/151 | Total   0.2227 | CE   0.0978 | KL   0.1764
Epoch 104/151 | Total   0.2229 | CE   0.0974 | KL   0.1757
Epoch 105/151 | Total   0.2230 | CE   0.0969 | KL   0.1751
Epoch 106/151 | Total   0.2244 | CE   0.0975 | KL   0.1748
Saved checkpoint at epoch 106
Epoch 107/151 | Total   0.2267 | CE   0.0993 | KL   0.1741
Epoch 108/151 | Total   0.2266 | CE   0.0985 | KL   0.1737
Epoch 109/151 | Total   0.2270 | CE   0.0982 | KL   0.1733
Epoch 110/151 | Total   0.2282 | CE   0.0988 | KL   0.1726
Epoch 111/151 | Total   0.2287 | CE   0.0990 | KL   0.1716
Saved checkpoint at epoch 111
Epoch 112/151 | Total   0.2297 | CE   0.0992 | KL   0.1713
Epoch 113/151 | Total   0.2316 | CE   0.1003 | KL   0.1710
Epoch 114/151 | Total   0.2326 | CE   0.1007 | KL   0.1705
Epoch 115/151 | Total   0.2338 | CE   0.1010 | KL   0.1703
Epoch 116/151 | Total   0.2344 | CE   0.1011 | KL   0.1698
Saved checkpoint at epoch 116
Epoch 117/151 | Total   0.2367 | CE   0.1024 | KL   0.1697
Epoch 118/151 | Total   0.2382 | CE   0.1033 | KL   0.1692
Epoch 119/151 | Total   0.2408 | CE   0.1051 | KL   0.1689
Epoch 120/151 | Total   0.2406 | CE   0.1047 | KL   0.1679
Epoch 121/151 | Total   0.2416 | CE   0.1046 | KL   0.1680
Saved checkpoint at epoch 121
Epoch 122/151 | Total   0.2427 | CE   0.1055 | KL   0.1671
Epoch 123/151 | Total   0.2438 | CE   0.1060 | KL   0.1665
Epoch 124/151 | Total   0.2438 | CE   0.1058 | KL   0.1656
Epoch 125/151 | Total   0.2470 | CE   0.1081 | KL   0.1655
Epoch 126/151 | Total   0.2496 | CE   0.1102 | KL   0.1651
Saved checkpoint at epoch 126
Epoch 127/151 | Total   0.2516 | CE   0.1112 | KL   0.1649
Epoch 128/151 | Total   0.2568 | CE   0.1154 | KL   0.1650
Epoch 129/151 | Total   0.2584 | CE   0.1160 | KL   0.1650
Epoch 130/151 | Total   0.2585 | CE   0.1158 | KL   0.1642
Epoch 131/151 | Total   0.2629 | CE   0.1193 | KL   0.1641
Saved checkpoint at epoch 131
Epoch 132/151 | Total   0.2641 | CE   0.1200 | KL   0.1635
Epoch 133/151 | Total   0.2681 | CE   0.1226 | KL   0.1641
Epoch 134/151 | Total   0.2698 | CE   0.1240 | KL   0.1632
Epoch 135/151 | Total   0.2732 | CE   0.1268 | KL   0.1629
Epoch 136/151 | Total   0.2759 | CE   0.1288 | KL   0.1626
Saved checkpoint at epoch 136
Epoch 137/151 | Total   0.2778 | CE   0.1302 | KL   0.1620
Epoch 138/151 | Total   0.2808 | CE   0.1324 | KL   0.1620
Epoch 139/151 | Total   0.2830 | CE   0.1338 | KL   0.1617
Epoch 140/151 | Total   0.2868 | CE   0.1367 | KL   0.1617
Epoch 141/151 | Total   0.2890 | CE   0.1381 | KL   0.1615
Saved checkpoint at epoch 141
Epoch 142/151 | Total   0.2910 | CE   0.1395 | KL   0.1611
Epoch 143/151 | Total   0.2928 | CE   0.1408 | KL   0.1607
Epoch 144/151 | Total   0.2953 | CE   0.1421 | KL   0.1609
Epoch 145/151 | Total   0.2975 | CE   0.1439 | KL   0.1603
Epoch 146/151 | Total   0.3007 | CE   0.1455 | KL   0.1609
Saved checkpoint at epoch 146
Epoch 147/151 | Total   0.3030 | CE   0.1475 | KL   0.1602
Epoch 148/151 | Total   0.3053 | CE   0.1497 | KL   0.1594
Epoch 149/151 | Total   0.3081 | CE   0.1517 | KL   0.1592
Epoch 150/151 | Total   0.3110 | CE   0.1538 | KL   0.1591
Epoch 151/151 | Total   0.3123 | CE   0.1545 | KL   0.1587
Saved checkpoint at epoch 151

Example graph (conditioned on test entities):
[!] Skipped 1 invalid triples
[('_article', 'has_author', '_authorpos000'), ('_authorpos000', 'has_name', '_author000'), ('_authorpos000', 'has_order', 'ordinal_001'), ('_article', 'has_author', '_authorpos001'), ('_authorpos001', 'has_name', '_author001'), ('_authorpos001', 'has_order', 'ordinal_002'), ('_article', 'has_author', '_authorpos002'), ('_authorpos002', 'has_name', '_author002'), ('_authorpos002', 'has_order', 'ordinal_003'), ('_article', 'has_author', '_authorpos003'), ('_authorpos003', 'has_name', '_author003'), ('_authorpos003', 'has_order', 'ordinal_004'), ('_article', 'has_author', '_authorpos004'), ('_authorpos004', 'has_name', '_author004'), ('_authorpos004', 'has_order', 'ordinal_005'), ('_article', 'has_author', '_authorpos005'), ('_authorpos005', 'has_name', '_author005'), ('_authorpos005', 'has_order', 'ordinal_006'), ('_article', 'has_author', '_authorpos006'), ('_authorpos006', 'has_name', '_author006'), ('_authorpos006', 'has_order', 'ordinal_007'), ('_article', 'cites', 'http://www.wikidata.org/entity/Q28300236'), ('_article', 'cites', 'http://www.wikidata.org/entity/Q33311452'), ('_article', 'cites', 'http://www.wikidata.org/entity/Q37883254'), ('_article', 'cites', 'http://www.wikidata.org/entity/Q44439164'), ('_article', 'cites', 'http://www.wikidata.org/entity/Q51101695'), ('_article', 'cites', 'http://www.wikidata.org/entity/Q42739701'), ('_article', 'cites', 'http://www.wikidata.org/entity/Q37953775'), ('_article', 'has_subject', 'http://www.wikidata.org/entity/Q214781'), ('_article', 'has_subject', 'http://www.wikidata.org/entity/Q28917'), ('http://www.wikidata.org/entity/Q214781', 'subclass_of', 'http://www.wikidata.org/entity/Q413')]
[!] Skipped 1 invalid triples

Semantic evaluation – graphs conditioned on test entities:
Semantic Evaluation Results:
Semantics: 99.0%
Novel_semantics: 99.0%
Novel: 100.0%
Known: 0.0%
Empty: 0.0%

Graph Samples (Printing only 5 samples):

Valid graphs:
Count: 0
Sample: []

Valid novel graphs:
Count: 988
Sample: [(('_article', 'has_author', '_authorpos000'), ('_authorpos000', 'has_name', '_author000'), ('_authorpos000', 'has_order', 'ordinal_001'), ('_article', 'has_author', '_authorpos001'), ('_authorpos001', 'has_name', '_author001'), ('_authorpos001', 'has_order', 'ordinal_002'), ('_article', 'has_author', '_authorpos002'), ('_authorpos002', 'has_name', '_author002'), ('_authorpos002', 'has_order', 'ordinal_003'), ('_article', 'has_author', '_authorpos003'), ('_authorpos003', 'has_name', '_author003'), ('_authorpos003', 'has_order', 'ordinal_004'), ('_article', 'has_author', '_authorpos004'), ('_authorpos004', 'has_name', '_author004'), ('_authorpos004', 'has_order', 'ordinal_005'), ('_article', 'has_author', '_authorpos005'), ('_authorpos005', 'has_name', '_author005'), ('_authorpos005', 'has_order', 'ordinal_006'), ('_article', 'has_author', '_authorpos006'), ('_authorpos006', 'has_name', '_author006'), ('_authorpos006', 'has_order', 'ordinal_007'), ('_article', 'has_author', '_authorpos007'), ('_authorpos007', 'has_name', '_author007'), ('_authorpos007', 'has_order', 'ordinal_008'), ('_article', 'has_author', '_authorpos008'), ('_authorpos008', 'has_name', '_author008'), ('_authorpos008', 'has_order', 'ordinal_009'), ('_article', 'has_author', '_authorpos009'), ('_authorpos009', 'has_name', '_author009'), ('_authorpos009', 'has_order', 'ordinal_010'), ('_article', 'has_author', '_authorpos010'), ('_authorpos010', 'has_name', '_author010'), ('_authorpos010', 'has_order', 'ordinal_011'), ('_article', 'has_author', '_authorpos011'), ('_authorpos011', 'has_name', '_author011'), ('_authorpos011', 'has_order', 'ordinal_012'), ('_article', 'has_author', '_authorpos012'), ('_authorpos012', 'has_name', '_author012'), ('_authorpos012', 'has_order', 'ordinal_013'), ('_article', 'has_author', '_authorpos013'), ('_authorpos013', 'has_name', '_author013'), ('_authorpos013', 'has_order', 'ordinal_014'), ('_article', 'has_author', '_authorpos014'), ('_authorpos014', 'has_name', '_author014'), ('_authorpos014', 'has_order', 'ordinal_015'), ('_article', 'has_author', '_authorpos015'), ('_authorpos015', 'has_name', '_author015'), ('_authorpos015', 'has_order', 'ordinal_016'), ('_article', 'has_author', '_authorpos016'), ('_authorpos016', 'has_name', '_author016'), ('_authorpos016', 'has_order', 'ordinal_017'), ('_article', 'has_author', '_authorpos017'), ('_authorpos017', 'has_name', '_author017'), ('_authorpos017', 'has_order', 'ordinal_018'), ('_article', 'has_author', '_authorpos018'), ('_authorpos018', 'has_name', '_author018'), ('_authorpos018', 'has_order', 'ordinal_019'), ('_article', 'has_author', '_authorpos019'), ('_authorpos019', 'has_name', '_author019'), ('_authorpos019', 'has_order', 'ordinal_020'), ('_article', 'has_author', '_authorpos020'), ('_authorpos020', 'has_name', '_author020'), ('_authorpos020', 'has_order', 'ordinal_021'), ('_article', 'has_author', '_authorpos021'), ('_authorpos021', 'has_name', '_author021'), ('_authorpos021', 'has_order', 'ordinal_022'), ('_article', 'has_author', '_authorpos022'), ('_authorpos022', 'has_name', '_author022'), ('_authorpos022', 'has_order', 'ordinal_023'), ('_article', 'has_author', '_authorpos023'), ('_authorpos023', 'has_name', '_author023'), ('_authorpos023', 'has_order', 'ordinal_024'), ('_article', 'has_author', '_authorpos024'), ('_authorpos024', 'has_name', '_author024'), ('_authorpos024', 'has_order', 'ordinal_025'), ('_article', 'has_author', '_authorpos025'), ('_authorpos025', 'has_name', '_author025'), ('_authorpos025', 'has_order', 'ordinal_026'), ('_article', 'has_author', '_authorpos026'), ('_authorpos026', 'has_name', '_author026'), ('_authorpos026', 'has_order', 'ordinal_027'), ('_article', 'has_author', '_authorpos027'), ('_authorpos027', 'has_name', '_author027'), ('_authorpos027', 'has_order', 'ordinal_028'), ('_article', 'has_author', '_authorpos028'), ('_authorpos028', 'has_name', '_author028'), ('_authorpos028', 'has_order', 'ordinal_029'), ('_article', 'has_author', '_authorpos029'), ('_authorpos029', 'has_name', '_author029'), ('_authorpos029', 'has_order', 'ordinal_030'), ('_article', 'has_author', '_authorpos030'), ('_authorpos030', 'has_name', '_author030'), ('_authorpos030', 'has_order', 'ordinal_031'), ('_article', 'has_author', '_authorpos031'), ('_authorpos031', 'has_name', '_author031'), ('_authorpos031', 'has_order', 'ordinal_032'), ('_article', 'has_author', '_authorpos032'), ('_authorpos032', 'has_name', '_author033'), ('_authorpos032', 'has_order', 'ordinal_033'), ('_article', 'has_author', '_authorpos033'), ('_authorpos033', 'has_name', '_author033'), ('_authorpos033', 'has_order', 'ordinal_034'), ('_article', 'has_author', '_authorpos034'), ('_authorpos034', 'has_name', '_author034'), ('_authorpos034', 'has_order', 'ordinal_035'), ('_article', 'has_author', '_authorpos035'), ('_authorpos035', 'has_name', '_author035'), ('_authorpos035', 'has_order', 'ordinal_036'), ('_article', 'has_author', '_authorpos036'), ('_authorpos036', 'has_name', '_author036'), ('_authorpos036', 'has_order', 'ordinal_037'), ('_article', 'has_author', '_authorpos037'), ('_authorpos037', 'has_name', '_author037'), ('_authorpos037', 'has_order', 'ordinal_038'), ('_article', 'has_author', '_authorpos038'), ('_authorpos038', 'has_name', '_author038'), ('_authorpos038', 'has_order', 'ordinal_039'), ('_article', 'has_author', '_authorpos039'), ('_authorpos039', 'has_name', '_author039'), ('_authorpos039', 'has_order', 'ordinal_040'), ('_article', 'has_author', '_authorpos040'), ('_authorpos040', 'has_name', '_author040'), ('_authorpos040', 'has_order', 'ordinal_041'), ('_article', 'has_author', '_authorpos041'), ('_authorpos041', 'has_name', '_author041'), ('_authorpos041', 'has_order', 'ordinal_042'), ('_article', 'has_author', '_authorpos042'), ('_authorpos042', 'has_name', '_author042'), ('_authorpos042', 'has_order', 'ordinal_043'), ('_article', 'has_author', '_authorpos043'), ('_authorpos043', 'has_name', '_author043'), ('_authorpos043', 'has_order', 'ordinal_044'), ('_article', 'has_author', '_authorpos044'), ('_authorpos044', 'has_name', '_author044'), ('_authorpos044', 'has_order', 'ordinal_045'), ('_article', 'has_author', '_authorpos045'), ('_authorpos045', 'has_name', '_author045'), ('_authorpos045', 'has_order', 'ordinal_046'), ('_article', 'has_author', '_authorpos046'), ('_authorpos046', 'has_name', '_author046'), ('_authorpos046', 'has_order', 'ordinal_047'), ('_article', 'has_author', '_authorpos047'), ('_authorpos047', 'has_name', '_author047'), ('_authorpos047', 'has_order', 'ordinal_048'), ('_article', 'has_author', '_authorpos048'), ('_authorpos048', 'has_name', '_author048'), ('_authorpos048', 'has_order', 'ordinal_049'), ('_article', 'has_author', '_authorpos049'), ('_authorpos049', 'has_name', '_author049'), ('_authorpos049', 'has_order', 'ordinal_050'), ('_article', 'cites', 'http://www.wikidata.org/entity/Q22673963'), ('_article', 'cites', 'http://www.wikidata.org/entity/Q22673963'), ('_article', 'cites', 'http://www.wikidata.org/entity/Q22673963'), ('_article', 'cites', 'http://www.wikidata.org/entity/Q27824832'), ('_article', 'cites', 'http://www.wikidata.org/entity/Q57175987'), ('_article', 'cites', 'http://www.wikidata.org/entity/Q27860791'), ('_article', 'cites', 'http://www.wikidata.org/entity/Q36846022'), ('_article', 'cites', 'http://www.wikidata.org/entity/Q57265932'), ('_article', 'cites', 'http://www.wikidata.org/entity/Q58388472'), ('_article', 'cites', 'http://www.wikidata.org/entity/Q43765361'), ('_article', 'has_subject', 'http://www.wikidata.org/entity/Q637284'), ('_article', 'has_subject', '_subject000')), (('_article', 'has_author', '_authorpos000'), ('_authorpos000', 'has_name', '_author000'), ('_authorpos000', 'has_order', 'ordinal_001'), ('_article', 'has_author', '_authorpos001'), ('_authorpos001', 'has_name', '_author001'), ('_authorpos001', 'has_order', 'ordinal_002'), ('_article', 'has_author', '_authorpos002'), ('_authorpos002', 'has_name', '_author002'), ('_authorpos002', 'has_order', 'ordinal_003'), ('_article', 'has_author', '_authorpos003'), ('_authorpos003', 'has_name', '_author003'), ('_authorpos003', 'has_order', 'ordinal_004'), ('_article', 'has_author', '_authorpos004'), ('_authorpos004', 'has_name', '_author004'), ('_authorpos004', 'has_order', 'ordinal_005'), ('_article', 'has_author', '_authorpos005'), ('_authorpos005', 'has_name', '_author005'), ('_authorpos005', 'has_order', 'ordinal_006'), ('_article', 'has_author', '_authorpos006'), ('_authorpos006', 'has_name', '_author006'), ('_authorpos006', 'has_order', 'ordinal_007'), ('_article', 'has_author', '_authorpos007'), ('_authorpos007', 'has_name', '_author007'), ('_authorpos007', 'has_order', 'ordinal_008'), ('_article', 'has_author', '_authorpos008'), ('_authorpos008', 'has_name', '_author008'), ('_authorpos008', 'has_order', 'ordinal_009'), ('_article', 'has_author', '_authorpos009'), ('_authorpos009', 'has_name', '_author009'), ('_authorpos009', 'has_order', 'ordinal_010'), ('_article', 'has_author', '_authorpos010'), ('_authorpos010', 'has_name', '_author010'), ('_authorpos010', 'has_order', 'ordinal_011'), ('_article', 'has_author', '_authorpos011'), ('_authorpos011', 'has_name', '_author011'), ('_authorpos011', 'has_order', 'ordinal_012'), ('_article', 'has_author', '_authorpos012'), ('_authorpos012', 'has_name', '_author012'), ('_authorpos012', 'has_order', 'ordinal_013'), ('_article', 'has_author', '_authorpos013'), ('_authorpos013', 'has_name', '_author013'), ('_authorpos013', 'has_order', 'ordinal_014'), ('_article', 'has_author', '_authorpos014'), ('_authorpos014', 'has_name', '_author014'), ('_authorpos014', 'has_order', 'ordinal_015'), ('_article', 'has_author', '_authorpos015'), ('_authorpos015', 'has_name', '_author015'), ('_authorpos015', 'has_order', 'ordinal_016'), ('_article', 'has_author', '_authorpos016'), ('_authorpos016', 'has_name', '_author016'), ('_authorpos016', 'has_order', 'ordinal_017'), ('_article', 'has_author', '_authorpos017'), ('_authorpos017', 'has_name', '_author017'), ('_authorpos017', 'has_order', 'ordinal_018'), ('_article', 'has_author', '_authorpos018'), ('_authorpos018', 'has_name', '_author018'), ('_authorpos018', 'has_order', 'ordinal_019'), ('_article', 'has_author', '_authorpos019'), ('_authorpos019', 'has_name', '_author019'), ('_authorpos019', 'has_order', 'ordinal_020'), ('_article', 'has_author', '_authorpos020'), ('_authorpos020', 'has_name', '_author019'), ('_authorpos020', 'has_order', 'ordinal_021'), ('_article', 'has_author', '_authorpos021'), ('_authorpos021', 'has_name', '_author020'), ('_authorpos021', 'has_order', 'ordinal_022'), ('_article', 'has_author', '_authorpos022'), ('_authorpos022', 'has_name', '_author021'), ('_authorpos022', 'has_order', 'ordinal_023'), ('_article', 'has_author', '_authorpos023'), ('_authorpos023', 'has_name', '_author022'), ('_authorpos023', 'has_order', 'ordinal_024'), ('_article', 'has_author', '_authorpos024'), ('_authorpos024', 'has_name', '_author023'), ('_authorpos024', 'has_order', 'ordinal_025'), ('_article', 'has_author', '_authorpos025'), ('_authorpos025', 'has_name', '_author024'), ('_authorpos025', 'has_order', 'ordinal_026'), ('_article', 'has_author', '_authorpos026'), ('_authorpos026', 'has_name', '_author024'), ('_authorpos026', 'has_order', 'ordinal_027'), ('_article', 'has_author', '_authorpos027'), ('_authorpos027', 'has_name', '_author025'), ('_authorpos027', 'has_order', 'ordinal_028'), ('_article', 'has_author', '_authorpos028'), ('_authorpos028', 'has_name', '_author026'), ('_authorpos028', 'has_order', 'ordinal_029'), ('_article', 'has_author', '_authorpos029'), ('_authorpos029', 'has_name', '_author028'), ('_authorpos029', 'has_order', 'ordinal_030'), ('_article', 'has_author', '_authorpos030'), ('_authorpos030', 'has_name', '_author029'), ('_authorpos030', 'has_order', 'ordinal_031'), ('_article', 'has_author', '_authorpos031'), ('_authorpos031', 'has_name', '_author029'), ('_authorpos031', 'has_order', 'ordinal_032'), ('_article', 'has_author', '_authorpos032'), ('_authorpos032', 'has_name', '_author031'), ('_authorpos032', 'has_order', 'ordinal_033'), ('_article', 'has_author', '_authorpos033'), ('_authorpos033', 'has_name', '_author031'), ('_authorpos033', 'has_order', 'ordinal_034'), ('_article', 'has_author', '_authorpos034'), ('_authorpos034', 'has_name', '_author032'), ('_authorpos034', 'has_order', 'ordinal_035'), ('_article', 'has_author', '_authorpos035'), ('_authorpos035', 'has_name', '_author033'), ('_authorpos035', 'has_order', 'ordinal_036'), ('_article', 'has_author', '_authorpos036'), ('_authorpos036', 'has_name', '_author034'), ('_authorpos036', 'has_order', 'ordinal_037'), ('_article', 'has_author', '_authorpos037'), ('_authorpos037', 'has_name', '_author034'), ('_authorpos037', 'has_order', 'ordinal_038'), ('_article', 'has_author', '_authorpos038'), ('_authorpos038', 'has_name', '_author035'), ('_authorpos038', 'has_order', 'ordinal_039'), ('_article', 'has_author', '_authorpos039'), ('_authorpos039', 'has_name', '_author037'), ('_authorpos039', 'has_order', 'ordinal_040'), ('_article', 'has_author', '_authorpos040'), ('_authorpos040', 'has_name', '_author038'), ('_authorpos040', 'has_order', 'ordinal_041'), ('_article', 'has_author', '_authorpos041'), ('_authorpos041', 'has_name', '_author039'), ('_authorpos041', 'has_order', 'ordinal_042'), ('_article', 'has_author', '_authorpos042'), ('_authorpos042', 'has_name', '_author038'), ('_authorpos042', 'has_order', 'ordinal_043'), ('_article', 'has_author', '_authorpos043'), ('_authorpos043', 'has_name', '_author041'), ('_authorpos043', 'has_order', 'ordinal_044'), ('_article', 'has_author', '_authorpos044'), ('_authorpos044', 'has_name', '_author042'), ('_authorpos044', 'has_order', 'ordinal_045'), ('_article', 'has_author', '_authorpos045'), ('_authorpos045', 'has_name', '_author041'), ('_authorpos045', 'has_order', 'ordinal_046'), ('_article', 'has_author', '_authorpos046'), ('_authorpos046', 'has_name', '_author044'), ('_authorpos046', 'has_order', 'ordinal_047'), ('_article', 'has_author', '_authorpos047'), ('_authorpos047', 'has_name', '_author044'), ('_authorpos047', 'has_order', 'ordinal_048'), ('_article', 'has_author', '_authorpos048'), ('_authorpos048', 'has_name', '_author044'), ('_authorpos048', 'has_order', 'ordinal_049'), ('_article', 'has_author', '_authorpos049'), ('_authorpos049', 'has_name', '_author048'), ('_authorpos049', 'has_order', 'ordinal_050'), ('_article', 'cites', 'http://www.wikidata.org/entity/Q21735930'), ('_article', 'cites', 'http://www.wikidata.org/entity/Q21284368'), ('_article', 'cites', 'http://www.wikidata.org/entity/Q24653853'), ('_article', 'cites', 'http://www.wikidata.org/entity/Q27860755'), ('_article', 'cites', 'http://www.wikidata.org/entity/Q27860755'), ('_article', 'cites', 'http://www.wikidata.org/entity/Q27860755'), ('_article', 'cites', 'http://www.wikidata.org/entity/Q24544402'), ('_article', 'cites', 'http://www.wikidata.org/entity/Q24544402'), ('_article', 'cites', 'http://www.wikidata.org/entity/Q24653853'), ('_article', 'cites', 'http://www.wikidata.org/entity/Q24684376'), ('_article', 'cites', 'http://www.wikidata.org/entity/Q24684376'), ('_article', 'cites', 'http://www.wikidata.org/entity/Q27860929'), ('_article', 'cites', 'http://www.wikidata.org/entity/Q27860929'), ('_article', 'cites', 'http://www.wikidata.org/entity/Q27860929'), ('_article', 'cites', 'http://www.wikidata.org/entity/Q27860929'), ('_article', 'cites', 'http://www.wikidata.org/entity/Q29547343'), ('_article', 'cites', 'http://www.wikidata.org/entity/Q29547486'), ('_article', 'cites', 'http://www.wikidata.org/entity/Q29547482'), ('_article', 'cites', 'http://www.wikidata.org/entity/Q29547482'), ('_article', 'cites', 'http://www.wikidata.org/entity/Q37719951'), ('_article', 'cites', 'http://www.wikidata.org/entity/Q37719951'), ('_article', 'cites', 'http://www.wikidata.org/entity/Q30992083'), ('_article', 'cites', 'http://www.wikidata.org/entity/Q30992083'), ('_article', 'cites', 'http://www.wikidata.org/entity/Q37278036'), ('_article', 'cites', 'http://www.wikidata.org/entity/Q39622746'), ('_article', 'cites', 'http://www.wikidata.org/entity/Q39622746'), ('_article', 'cites', 'http://www.wikidata.org/entity/Q53864505'), ('_article', 'cites', 'http://www.wikidata.org/entity/Q53864505'), ('_article', 'has_subject', 'http://www.wikidata.org/entity/Q31856')), (('_article', 'has_author', '_authorpos000'), ('_authorpos000', 'has_name', '_author000'), ('_authorpos000', 'has_order', 'ordinal_001'), ('_article', 'has_author', '_authorpos001'), ('_authorpos001', 'has_name', '_author001'), ('_authorpos001', 'has_order', 'ordinal_002'), ('_article', 'has_author', '_authorpos002'), ('_authorpos002', 'has_name', '_author002'), ('_authorpos002', 'has_order', 'ordinal_003'), ('_article', 'has_author', '_authorpos003'), ('_authorpos003', 'has_name', '_author003'), ('_authorpos003', 'has_order', 'ordinal_004'), ('_article', 'has_author', '_authorpos004'), ('_authorpos004', 'has_name', '_author004'), ('_authorpos004', 'has_order', 'ordinal_005'), ('_article', 'cites', 'http://www.wikidata.org/entity/Q22255454'), ('_article', 'cites', 'http://www.wikidata.org/entity/Q26778425'), ('_article', 'cites', 'http://www.wikidata.org/entity/Q28257125'), ('_article', 'has_subject', 'http://www.wikidata.org/entity/Q12174'), ('_article', 'has_subject', 'http://www.wikidata.org/entity/Q1806547'), ('_article', 'has_subject', 'http://www.wikidata.org/entity/Q657193')), (('_article', 'has_author', '_authorpos000'), ('_authorpos000', 'has_name', '_author000'), ('_authorpos000', 'has_order', 'ordinal_001'), ('_article', 'has_author', '_authorpos001'), ('_authorpos001', 'has_name', '_author001'), ('_authorpos001', 'has_order', 'ordinal_002'), ('_article', 'cites', 'http://www.wikidata.org/entity/Q57439360'), ('_article', 'has_subject', 'http://www.wikidata.org/entity/Q111140')), (('_article', 'has_author', '_authorpos000'), ('_authorpos000', 'has_name', '_author000'), ('_authorpos000', 'has_order', 'ordinal_001'), ('_article', 'has_author', '_authorpos001'), ('_authorpos001', 'has_name', '_author001'), ('_authorpos001', 'has_order', 'ordinal_002'), ('_article', 'has_author', '_authorpos002'), ('_authorpos002', 'has_name', '_author002'), ('_authorpos002', 'has_order', 'ordinal_003'), ('_article', 'has_author', '_authorpos003'), ('_authorpos003', 'has_name', '_author003'), ('_authorpos003', 'has_order', 'ordinal_004'), ('_article', 'has_author', '_authorpos004'), ('_authorpos004', 'has_name', '_author004'), ('_authorpos004', 'has_order', 'ordinal_005'), ('_article', 'has_author', '_authorpos005'), ('_authorpos005', 'has_name', '_author005'), ('_authorpos005', 'has_order', 'ordinal_006'), ('_article', 'has_author', '_authorpos006'), ('_authorpos006', 'has_name', '_author006'), ('_authorpos006', 'has_order', 'ordinal_007'), ('_article', 'has_author', '_authorpos007'), ('_authorpos007', 'has_name', '_author007'), ('_authorpos007', 'has_order', 'ordinal_008'), ('_article', 'has_author', '_authorpos008'), ('_authorpos008', 'has_name', '_author008'), ('_authorpos008', 'has_order', 'ordinal_009'), ('_article', 'has_author', '_authorpos009'), ('_authorpos009', 'has_name', '_author009'), ('_authorpos009', 'has_order', 'ordinal_010'), ('_article', 'has_author', '_authorpos010'), ('_authorpos010', 'has_name', '_author010'), ('_authorpos010', 'has_order', 'ordinal_011'), ('_article', 'cites', 'http://www.wikidata.org/entity/Q26991488'), ('_article', 'cites', 'http://www.wikidata.org/entity/Q35023131'), ('_article', 'cites', 'http://www.wikidata.org/entity/Q40292817'), ('_article', 'has_subject', 'http://www.wikidata.org/entity/Q170304'), ('_article', 'has_subject', 'http://www.wikidata.org/entity/Q410441'))]

Invalid graphs:
Count: 12
Sample: [(('http://www.wikidata.org/entity/Q30447885', 'has_author', '_authorpos000'), ('_authorpos000', 'has_name', '_author000'), ('_authorpos000', 'has_order', 'ordinal_001'), ('http://www.wikidata.org/entity/Q30447885', 'has_author', '_authorpos001'), ('_authorpos001', 'has_name', '_author001'), ('_authorpos001', 'has_order', 'ordinal_002'), ('http://www.wikidata.org/entity/Q30447885', 'has_author', '_authorpos002'), ('_authorpos002', 'has_name', '_author002'), ('_authorpos002', 'has_order', 'ordinal_003'), ('http://www.wikidata.org/entity/Q30447885', 'has_author', '_authorpos003'), ('_authorpos003', 'has_name', '_author003'), ('_authorpos003', 'has_order', 'ordinal_004'), ('http://www.wikidata.org/entity/Q30447885', 'has_author', '_authorpos004'), ('_authorpos004', 'has_name', '_author004'), ('_authorpos004', 'has_order', 'ordinal_005'), ('http://www.wikidata.org/entity/Q30447885', 'has_author', '_authorpos005'), ('_authorpos005', 'has_name', '_author005'), ('_authorpos005', 'has_order', 'ordinal_006'), ('http://www.wikidata.org/entity/Q30447885', 'has_author', '_authorpos006'), ('_authorpos006', 'has_name', '_author006'), ('_authorpos006', 'has_order', 'ordinal_007'), ('http://www.wikidata.org/entity/Q24598936', 'has_author', '_authorpos007'), ('_authorpos007', 'has_name', '_author007'), ('_authorpos007', 'has_order', 'ordinal_008'), ('http://www.wikidata.org/entity/Q24598936', 'has_author', '_authorpos008'), ('_authorpos008', 'has_name', '_author008'), ('_authorpos008', 'has_order', 'ordinal_009'), ('http://www.wikidata.org/entity/Q24598936', 'has_author', '_authorpos009'), ('_authorpos009', 'has_name', '_author009'), ('_authorpos009', 'has_order', 'ordinal_010'), ('http://www.wikidata.org/entity/Q30447885', 'cites', 'http://www.wikidata.org/entity/Q24594942'), ('http://www.wikidata.org/entity/Q24598936', 'cites', 'http://www.wikidata.org/entity/Q29619015'), ('http://www.wikidata.org/entity/Q30447885', 'cites', 'http://www.wikidata.org/entity/Q29619015'), ('http://www.wikidata.org/entity/Q28252340', 'cites', 'http://www.wikidata.org/entity/Q28252340'), ('http://www.wikidata.org/entity/Q30447885', 'cites', 'http://www.wikidata.org/entity/Q30596452'), ('http://www.wikidata.org/entity/Q30447885', 'cites', 'http://www.wikidata.org/entity/Q34438505'), ('http://www.wikidata.org/entity/Q30447885', 'cites', 'http://www.wikidata.org/entity/Q34438505'), ('http://www.wikidata.org/entity/Q30447885', 'cites', 'http://www.wikidata.org/entity/Q41133261'), ('http://www.wikidata.org/entity/Q34047445', 'cites', 'http://www.wikidata.org/entity/Q38885289'), ('http://www.wikidata.org/entity/Q34047445', 'cites', 'http://www.wikidata.org/entity/Q29617987'), ('http://www.wikidata.org/entity/Q34047445', 'cites', 'http://www.wikidata.org/entity/Q37700725'), ('http://www.wikidata.org/entity/Q33684381', 'has_subject', 'http://www.wikidata.org/entity/Q595158'))]

Example graph (random latent):
[!] Skipped 5 invalid triples
[('_article', 'has_author', '_authorpos000'), ('_authorpos000', 'has_name', '_author000'), ('_authorpos000', 'has_order', 'ordinal_001'), ('_article', 'has_author', '_authorpos001'), ('_authorpos001', 'has_name', '_author001'), ('_authorpos001', 'has_order', 'ordinal_002'), ('_article', 'has_author', '_authorpos002'), ('_authorpos002', 'has_name', '_author002'), ('_authorpos002', 'has_order', 'ordinal_003'), ('_article', 'has_author', '_authorpos003'), ('_authorpos003', 'has_name', '_author003'), ('_authorpos003', 'has_order', 'ordinal_004'), ('_article', 'has_author', '_authorpos004'), ('_authorpos004', 'has_name', '_author004'), ('_authorpos004', 'has_order', 'ordinal_005'), ('_article', 'has_author', '_authorpos005'), ('_authorpos005', 'has_name', '_author005'), ('_authorpos005', 'has_order', 'ordinal_006'), ('_article', 'has_author', '_authorpos006'), ('_authorpos006', 'has_name', '_author006'), ('_authorpos006', 'has_order', 'ordinal_007'), ('_article', 'has_author', '_authorpos007'), ('_authorpos007', 'has_name', '_author007'), ('_authorpos007', 'has_order', 'ordinal_008'), ('_article', 'has_author', '_authorpos008'), ('_authorpos008', 'has_name', '_author008'), ('_authorpos008', 'has_order', 'ordinal_009'), ('_article', 'has_author', '_authorpos009'), ('_authorpos009', 'has_name', '_author009'), ('_authorpos009', 'has_order', 'ordinal_010'), ('_article', 'has_author', '_authorpos010'), ('_authorpos010', 'has_name', '_author010'), ('_authorpos010', 'has_order', 'ordinal_011'), ('_article', 'has_subject', 'http://www.wikidata.org/entity/Q169917')]
[!] Skipped 5 invalid triples

Semantic evaluation – graphs from random latent:
Semantic Evaluation Results:
Semantics: 96.0%
Novel_semantics: 96.0%
Novel: 100.0%
Known: 0.0%
Empty: 0.0%

Graph Samples (Printing only 5 samples):

Valid graphs:
Count: 0
Sample: []

Valid novel graphs:
Count: 960
Sample: [(('_article', 'has_author', '_authorpos000'), ('_authorpos000', 'has_name', '_author000'), ('_authorpos000', 'has_order', 'ordinal_001'), ('_article', 'has_author', '_authorpos001'), ('_authorpos001', 'has_name', '_author001'), ('_authorpos001', 'has_order', 'ordinal_002'), ('_article', 'has_author', '_authorpos002'), ('_authorpos002', 'has_name', '_author002'), ('_authorpos002', 'has_order', 'ordinal_003'), ('_article', 'has_author', '_authorpos003'), ('_authorpos003', 'has_name', '_author003'), ('_authorpos003', 'has_order', 'ordinal_004'), ('_article', 'has_author', '_authorpos004'), ('_authorpos004', 'has_name', '_author004'), ('_authorpos004', 'has_order', 'ordinal_005'), ('_article', 'has_author', '_authorpos005'), ('_authorpos005', 'has_name', '_author005'), ('_authorpos005', 'has_order', 'ordinal_006'), ('_article', 'has_author', '_authorpos006'), ('_authorpos006', 'has_name', '_author006'), ('_authorpos006', 'has_order', 'ordinal_007'), ('_article', 'has_author', '_authorpos007'), ('_authorpos007', 'has_name', '_author007'), ('_authorpos007', 'has_order', 'ordinal_008'), ('_article', 'has_author', '_authorpos008'), ('_authorpos008', 'has_name', '_author008'), ('_authorpos008', 'has_order', 'ordinal_009'), ('_article', 'cites', 'http://www.wikidata.org/entity/Q29547464'), ('_article', 'has_subject', 'http://www.wikidata.org/entity/Q5094647')), (('_article', 'has_author', '_authorpos000'), ('_authorpos000', 'has_name', '_author000'), ('_authorpos000', 'has_order', 'ordinal_001'), ('_article', 'has_author', '_authorpos001'), ('_authorpos001', 'has_name', '_author001'), ('_authorpos001', 'has_order', 'ordinal_002'), ('_article', 'cites', 'http://www.wikidata.org/entity/Q24622558'), ('_article', 'cites', 'http://www.wikidata.org/entity/Q30080016'), ('_article', 'has_subject', 'http://www.wikidata.org/entity/Q1135939'), ('_article', 'has_subject', 'http://www.wikidata.org/entity/Q189561'), ('http://www.wikidata.org/entity/Q1135939', 'subclass_of', 'http://www.wikidata.org/entity/Q521'), ('http://www.wikidata.org/entity/Q1135939', 'subclass_of', 'http://www.wikidata.org/entity/Q7208'), ('http://www.wikidata.org/entity/Q521', 'subclass_of', 'http://www.wikidata.org/entity/Q420'), ('http://www.wikidata.org/entity/Q420', 'subclass_of', 'http://www.wikidata.org/entity/Q7991'), ('http://www.wikidata.org/entity/Q7991', 'subclass_of', 'http://www.wikidata.org/entity/Q336')), (('_article', 'has_author', '_authorpos000'), ('_authorpos000', 'has_name', '_author000'), ('_authorpos000', 'has_order', 'ordinal_001'), ('_article', 'has_author', '_authorpos001'), ('_authorpos001', 'has_name', '_author001'), ('_authorpos001', 'has_order', 'ordinal_002'), ('_article', 'has_author', '_authorpos002'), ('_authorpos002', 'has_name', '_author002'), ('_authorpos002', 'has_order', 'ordinal_003'), ('_article', 'has_author', '_authorpos003'), ('_authorpos003', 'has_name', '_author003'), ('_authorpos003', 'has_order', 'ordinal_004'), ('_article', 'has_author', '_authorpos004'), ('_authorpos004', 'has_name', '_author004'), ('_authorpos004', 'has_order', 'ordinal_005'), ('_article', 'has_author', '_authorpos005'), ('_authorpos005', 'has_name', '_author005'), ('_authorpos005', 'has_order', 'ordinal_006'), ('_article', 'has_author', '_authorpos006'), ('_authorpos006', 'has_name', '_author006'), ('_authorpos006', 'has_order', 'ordinal_007'), ('_article', 'has_author', '_authorpos007'), ('_authorpos007', 'has_name', '_author007'), ('_authorpos007', 'has_order', 'ordinal_008'), ('_article', 'cites', 'http://www.wikidata.org/entity/Q27317206'), ('_article', 'cites', 'http://www.wikidata.org/entity/Q24617818'), ('_article', 'cites', 'http://www.wikidata.org/entity/Q33755227'), ('_article', 'cites', 'http://www.wikidata.org/entity/Q34109281'), ('_article', 'cites', 'http://www.wikidata.org/entity/Q34969565'), ('_article', 'cites', 'http://www.wikidata.org/entity/Q34969565'), ('_article', 'cites', 'http://www.wikidata.org/entity/Q36678524'), ('_article', 'cites', 'http://www.wikidata.org/entity/Q39664817'), ('_article', 'cites', 'http://www.wikidata.org/entity/Q36743540'), ('_article', 'cites', 'http://www.wikidata.org/entity/Q46113955'), ('_article', 'has_subject', 'http://www.wikidata.org/entity/Q132592'), ('_article', 'has_subject', 'http://www.wikidata.org/entity/Q905762')), (('_article', 'has_author', '_authorpos000'), ('_authorpos000', 'has_name', '_author000'), ('_authorpos000', 'has_order', 'ordinal_001'), ('_article', 'has_author', '_authorpos001'), ('_authorpos001', 'has_name', '_author001'), ('_authorpos001', 'has_order', 'ordinal_002'), ('_article', 'has_author', '_authorpos002'), ('_authorpos002', 'has_name', '_author002'), ('_authorpos002', 'has_order', 'ordinal_003'), ('_article', 'has_author', '_authorpos003'), ('_authorpos003', 'has_name', '_author003'), ('_authorpos003', 'has_order', 'ordinal_004'), ('_article', 'has_subject', 'http://www.wikidata.org/entity/Q669391'), ('_article', 'has_subject', 'http://www.wikidata.org/entity/Q899285')), (('_article', 'has_author', '_authorpos000'), ('_authorpos000', 'has_name', '_author000'), ('_authorpos000', 'has_order', 'ordinal_001'), ('_article', 'has_author', '_authorpos001'), ('_authorpos001', 'has_name', '_author001'), ('_authorpos001', 'has_order', 'ordinal_002'), ('_article', 'has_author', '_authorpos002'), ('_authorpos002', 'has_name', '_author002'), ('_authorpos002', 'has_order', 'ordinal_003'), ('_article', 'has_author', '_authorpos003'), ('_authorpos003', 'has_name', '_author003'), ('_authorpos003', 'has_order', 'ordinal_004'), ('_article', 'has_author', '_authorpos004'), ('_authorpos004', 'has_name', '_author004'), ('_authorpos004', 'has_order', 'ordinal_005'), ('_article', 'has_subject', 'http://www.wikidata.org/entity/Q317309'))]

Invalid graphs:
Count: 40
Sample: [(('_article', 'has_author', '_authorpos000'), ('_authorpos000', 'has_name', '_author000'), ('_authorpos000', 'has_order', 'ordinal_001'), ('_article', 'has_author', '_authorpos001'), ('_authorpos001', 'has_name', '_author001'), ('_authorpos001', 'has_order', 'ordinal_002'), ('_article', 'has_author', '_authorpos002'), ('_authorpos002', 'has_name', '_author002'), ('_authorpos002', 'has_order', 'ordinal_003'), ('_article', 'has_author', '_authorpos003'), ('_authorpos003', 'has_name', '_author003'), ('_authorpos003', 'has_order', 'ordinal_004'), ('_article', 'has_author', '_authorpos004'), ('_authorpos004', 'has_name', '_author004'), ('_authorpos004', 'has_order', 'ordinal_005'), ('_article', 'has_author', '_authorpos005'), ('_authorpos005', 'has_name', '_author005'), ('_authorpos005', 'has_order', 'ordinal_006'), ('_article', 'has_author', '_authorpos006'), ('_authorpos006', 'has_name', '_author006'), ('_authorpos006', 'has_order', 'ordinal_007'), ('_article', 'has_author', '_authorpos007'), ('_authorpos007', 'has_name', '_author007'), ('_authorpos007', 'has_order', 'ordinal_008'), ('_article', 'has_author', '_authorpos008'), ('_authorpos008', 'has_name', '_author008'), ('_authorpos008', 'has_order', 'ordinal_009'), ('_article', 'has_author', '_authorpos009'), ('_authorpos009', 'has_name', '_author009'), ('_authorpos009', 'has_order', 'ordinal_010'), ('_article', 'has_author', '_authorpos010'), ('_authorpos010', 'has_name', '_author010'), ('_authorpos010', 'has_order', 'ordinal_011'), ('_article', 'has_author', '_authorpos011'), ('_authorpos011', 'has_name', '_author011'), ('_authorpos011', 'has_order', 'ordinal_012'), ('_article', 'has_author', '_authorpos012'), ('_authorpos012', 'has_name', '_author012'), ('_authorpos012', 'has_order', 'ordinal_013'), ('_article', 'has_author', '_authorpos013'), ('_authorpos013', 'has_name', '_author013'), ('_authorpos013', 'has_order', 'ordinal_014'), ('_article', 'has_author', '_authorpos014'), ('_authorpos014', 'has_name', '_author014'), ('_authorpos014', 'has_order', 'ordinal_015'), ('_article', 'has_author', '_authorpos015'), ('_authorpos015', 'has_name', '_author015'), ('_authorpos015', 'has_order', 'ordinal_016'), ('_article', 'has_author', '_authorpos016'), ('_authorpos016', 'has_name', '_author016'), ('_authorpos016', 'has_order', 'ordinal_017'), ('_article', 'has_author', '_authorpos017'), ('_authorpos017', 'has_name', '_author017'), ('_authorpos017', 'has_order', 'ordinal_018'), ('_article', 'has_author', '_authorpos018'), ('_authorpos018', 'has_name', '_author018'), ('_authorpos018', 'has_order', 'ordinal_019'), ('_article', 'has_author', '_authorpos019'), ('_authorpos019', 'has_name', '_author019'), ('_authorpos019', 'has_order', 'ordinal_020'), ('_article', 'has_author', '_authorpos020'), ('_authorpos020', 'has_name', '_author020'), ('_authorpos020', 'has_order', 'ordinal_021'), ('_article', 'has_author', '_authorpos021'), ('_authorpos021', 'has_name', '_author021'), ('_authorpos021', 'has_order', 'ordinal_022'), ('_article', 'has_author', '_authorpos022'), ('_authorpos022', 'has_name', '_author022'), ('_authorpos022', 'has_order', 'ordinal_023'), ('_article', 'has_author', '_authorpos023'), ('_authorpos023', 'has_name', '_author023'), ('_authorpos023', 'has_order', 'ordinal_024'), ('_article', 'has_author', '_authorpos024'), ('_authorpos024', 'has_name', '_author024'), ('_authorpos024', 'has_order', 'ordinal_025'), ('_article', 'has_author', '_authorpos025'), ('_authorpos025', 'has_name', '_author025'), ('_authorpos025', 'has_order', 'ordinal_026'), ('_article', 'has_author', '_authorpos026'), ('_authorpos026', 'has_name', '_author026'), ('_authorpos026', 'has_order', 'ordinal_027'), ('_article', 'has_author', '_authorpos027'), ('_authorpos027', 'has_name', '_author027'), ('_authorpos027', 'has_order', 'ordinal_028'), ('_article', 'has_author', '_authorpos028'), ('_authorpos028', 'has_name', '_author028'), ('_authorpos028', 'has_order', 'ordinal_029'), ('_article', 'has_author', '_authorpos029'), ('_authorpos029', 'has_name', '_author029'), ('_authorpos029', 'has_order', 'ordinal_030'), ('_article', 'has_author', '_authorpos030'), ('_authorpos030', 'has_name', '_author030'), ('_authorpos030', 'has_order', 'ordinal_031'), ('_article', 'has_author', '_authorpos031'), ('_authorpos031', 'has_name', '_author031'), ('_authorpos031', 'has_order', 'ordinal_032'), ('_article', 'has_author', '_authorpos032'), ('_authorpos032', 'has_name', '_author032'), ('_authorpos032', 'has_order', 'ordinal_033'), ('_article', 'has_author', '_authorpos033'), ('_authorpos033', 'has_name', '_author033'), ('_authorpos033', 'has_order', 'ordinal_034'), ('_article', 'has_author', '_authorpos034'), ('_authorpos034', 'has_name', '_author034'), ('_authorpos034', 'has_order', 'ordinal_035'), ('_article', 'has_author', '_authorpos035'), ('_authorpos035', 'has_name', '_author035'), ('_authorpos035', 'has_order', 'ordinal_036'), ('_article', 'has_author', '_authorpos036'), ('_authorpos036', 'has_name', '_author035'), ('_authorpos036', 'has_order', 'ordinal_037'), ('_article', 'has_author', '_authorpos037'), ('_authorpos037', 'has_name', '_author035'), ('_authorpos037', 'has_order', 'ordinal_038'), ('_article', 'has_author', '_authorpos038'), ('_authorpos038', 'has_name', '_author036'), ('_authorpos038', 'has_order', 'ordinal_039'), ('_article', 'has_author', '_authorpos039'), ('_authorpos039', 'has_name', '_author037'), ('_authorpos039', 'has_order', 'ordinal_040'), ('_article', 'has_author', '_authorpos040'), ('_authorpos040', 'has_name', '_author038'), ('_authorpos040', 'has_order', 'ordinal_041'), ('_article', 'has_author', '_authorpos041'), ('_authorpos041', 'has_name', '_author039'), ('_authorpos041', 'has_order', 'ordinal_042'), ('_article', 'has_author', '_authorpos042'), ('_authorpos042', 'has_name', '_author041'), ('_authorpos042', 'has_order', 'ordinal_043'), ('_article', 'has_author', '_authorpos043'), ('_authorpos043', 'has_name', '_author041'), ('_authorpos043', 'has_order', 'ordinal_044'), ('_article', 'has_author', '_authorpos044'), ('_authorpos044', 'has_name', '_author041'), ('_authorpos044', 'has_order', 'ordinal_045'), ('_article', 'has_author', '_authorpos045'), ('_authorpos045', 'has_name', '_author044'), ('_authorpos045', 'has_order', 'ordinal_046'), ('_article', 'has_author', '_authorpos046'), ('_authorpos046', 'has_name', 'http://www.wikidata.org/entity/Q64005064'), ('_authorpos046', 'has_order', 'ordinal_047'), ('_article', 'has_author', '_authorpos047'), ('_authorpos047', 'has_name', '_author041'), ('_authorpos047', 'has_order', 'ordinal_048'), ('_article', 'has_author', '_authorpos048'), ('_authorpos048', 'has_name', '_author048'), ('_authorpos048', 'has_order', 'ordinal_049'), ('_article', 'has_author', '_authorpos049'), ('_authorpos049', 'has_name', '_author046'), ('_authorpos049', 'has_order', 'ordinal_050'), ('_article', 'cites', 'http://www.wikidata.org/entity/Q22065899'), ('_article', 'cites', 'http://www.wikidata.org/entity/Q22065899'), ('_article', 'cites', 'http://www.wikidata.org/entity/Q22065899'), ('_article', 'cites', 'http://www.wikidata.org/entity/Q22065899'), ('_article', 'cites', 'http://www.wikidata.org/entity/Q22065899'), ('_article', 'cites', 'http://www.wikidata.org/entity/Q22122196'), ('_article', 'cites', 'http://www.wikidata.org/entity/Q24515682'), ('_article', 'cites', 'http://www.wikidata.org/entity/Q22122484'), ('_article', 'cites', 'http://www.wikidata.org/entity/Q24641887'), ('_article', 'cites', 'http://www.wikidata.org/entity/Q24641887'), ('_article', 'cites', 'http://www.wikidata.org/entity/Q24641887'), ('_article', 'cites', 'http://www.wikidata.org/entity/Q24641887'), ('_article', 'cites', 'http://www.wikidata.org/entity/Q24641887'), ('_article', 'cites', 'http://www.wikidata.org/entity/Q24653853'), ('_article', 'cites', 'http://www.wikidata.org/entity/Q24653853'), ('_article', 'cites', 'http://www.wikidata.org/entity/Q27860860'), ('_article', 'cites', 'http://www.wikidata.org/entity/Q27860860'), ('_article', 'cites', 'http://www.wikidata.org/entity/Q27860860'), ('_article', 'cites', 'http://www.wikidata.org/entity/Q27860860'), ('_article', 'cites', 'http://www.wikidata.org/entity/Q24653853'), ('_article', 'cites', 'http://www.wikidata.org/entity/Q24653853'), ('_article', 'cites', 'http://www.wikidata.org/entity/Q24653853'), ('_article', 'cites', 'http://www.wikidata.org/entity/Q24653853'), ('_article', 'cites', 'http://www.wikidata.org/entity/Q27860747'), ('_article', 'cites', 'http://www.wikidata.org/entity/Q27860747'), ('_article', 'cites', 'http://www.wikidata.org/entity/Q27860747'), ('_article', 'cites', 'http://www.wikidata.org/entity/Q29547486'), ('_article', 'cites', 'http://www.wikidata.org/entity/Q29547486'), ('_article', 'cites', 'http://www.wikidata.org/entity/Q29547486'), ('_article', 'cites', 'http://www.wikidata.org/entity/Q29547486'), ('_article', 'cites', 'http://www.wikidata.org/entity/Q29547486'), ('_article', 'cites', 'http://www.wikidata.org/entity/Q29547486'), ('_article', 'cites', 'http://www.wikidata.org/entity/Q29547486'), ('_article', 'cites', 'http://www.wikidata.org/entity/Q29547486'), ('_article', 'cites', 'http://www.wikidata.org/entity/Q29617222'), ('_article', 'cites', 'http://www.wikidata.org/entity/Q29617222'), ('_article', 'cites', 'http://www.wikidata.org/entity/Q29617222'), ('_article', 'cites', 'http://www.wikidata.org/entity/Q29617222'), ('_article', 'cites', 'http://www.wikidata.org/entity/Q29617222'), ('_article', 'cites', 'http://www.wikidata.org/entity/Q29617222'), ('_article', 'cites', 'http://www.wikidata.org/entity/Q29617222'), ('_article', 'cites', 'http://www.wikidata.org/entity/Q29617222'), ('_article', 'cites', 'http://www.wikidata.org/entity/Q34463372'), ('_article', 'cites', 'http://www.wikidata.org/entity/Q34463372'), ('_article', 'cites', 'http://www.wikidata.org/entity/Q35888863'), ('_article', 'cites', 'http://www.wikidata.org/entity/Q43418707'), ('_article', 'cites', 'http://www.wikidata.org/entity/Q43418707'), ('_article', 'cites', 'http://www.wikidata.org/entity/Q43418707'), ('_article', 'cites', 'http://www.wikidata.org/entity/Q43418707'), ('_article', 'cites', 'http://www.wikidata.org/entity/Q44959699'), ('_article', 'has_subject', 'http://www.wikidata.org/entity/Q11395'), ('_article', 'has_subject', 'http://www.wikidata.org/entity/Q171184'), ('http://www.wikidata.org/entity/Q7991', 'subclass_of', 'http://www.wikidata.org/entity/Q336')), (('_article', 'has_author', '_authorpos000'), ('_authorpos000', 'has_name', '_author000'), ('_authorpos000', 'has_order', 'ordinal_001'), ('_article', 'has_author', '_authorpos001'), ('_authorpos001', 'has_name', '_author001'), ('_authorpos001', 'has_order', 'ordinal_002'), ('_article', 'has_author', '_authorpos002'), ('_authorpos002', 'has_name', '_author002'), ('_authorpos002', 'has_order', 'ordinal_003'), ('_article', 'has_author', '_authorpos003'), ('_authorpos003', 'has_name', '_author003'), ('_authorpos003', 'has_order', 'ordinal_004'), ('_article', 'has_author', '_authorpos004'), ('_authorpos004', 'has_name', '_author004'), ('_authorpos004', 'has_order', 'ordinal_005'), ('_article', 'has_author', '_authorpos005'), ('_authorpos005', 'has_name', '_author005'), ('_authorpos005', 'has_order', 'ordinal_006'), ('_article', 'has_author', '_authorpos006'), ('_authorpos006', 'has_name', '_author006'), ('_authorpos006', 'has_order', 'ordinal_007'), ('_article', 'has_author', '_authorpos007'), ('_authorpos007', 'has_name', '_author007'), ('_authorpos007', 'has_order', 'ordinal_008'), ('_article', 'has_author', '_authorpos008'), ('_authorpos008', 'has_name', '_author008'), ('_authorpos008', 'has_order', 'ordinal_009'), ('_article', 'has_author', '_authorpos009'), ('_authorpos009', 'has_name', '_author009'), ('_authorpos009', 'has_order', 'ordinal_010'), ('_article', 'has_author', '_authorpos010'), ('_authorpos010', 'has_name', '_author010'), ('_authorpos010', 'has_order', 'ordinal_011'), ('_article', 'has_author', '_authorpos011'), ('_authorpos011', 'has_name', '_author011'), ('_authorpos011', 'has_order', 'ordinal_012'), ('_article', 'has_author', '_authorpos012'), ('_authorpos012', 'has_name', '_author012'), ('_authorpos012', 'has_order', 'ordinal_013'), ('_article', 'has_author', '_authorpos013'), ('_authorpos013', 'has_name', '_author013'), ('_authorpos013', 'has_order', 'ordinal_014'), ('_article', 'has_author', '_authorpos014'), ('_authorpos014', 'has_name', '_author014'), ('_authorpos014', 'has_order', 'ordinal_015'), ('_article', 'has_author', '_authorpos015'), ('_authorpos015', 'has_name', '_author015'), ('_authorpos015', 'has_order', 'ordinal_016'), ('_article', 'has_author', '_authorpos016'), ('_authorpos016', 'has_name', '_author016'), ('_authorpos016', 'has_order', 'ordinal_017'), ('_article', 'has_author', '_authorpos017'), ('_authorpos017', 'has_name', '_author017'), ('_authorpos017', 'has_order', 'ordinal_018'), ('_article', 'has_author', '_authorpos018'), ('_authorpos018', 'has_name', '_author018'), ('_authorpos018', 'has_order', 'ordinal_019'), ('_article', 'has_author', '_authorpos019'), ('_authorpos019', 'has_name', '_author019'), ('_authorpos019', 'has_order', 'ordinal_020'), ('_article', 'has_author', '_authorpos020'), ('_authorpos020', 'has_name', '_author020'), ('_authorpos020', 'has_order', 'ordinal_021'), ('_article', 'has_author', '_authorpos021'), ('_authorpos021', 'has_name', '_author021'), ('_authorpos021', 'has_order', 'ordinal_022'), ('_article', 'has_author', '_authorpos022'), ('_authorpos022', 'has_name', '_author022'), ('_authorpos022', 'has_order', 'ordinal_023'), ('_article', 'has_author', '_authorpos023'), ('_authorpos023', 'has_name', '_author023'), ('_authorpos023', 'has_order', 'ordinal_024'), ('_article', 'has_author', '_authorpos024'), ('_authorpos024', 'has_name', '_author024'), ('_authorpos024', 'has_order', 'ordinal_025'), ('_article', 'has_author', '_authorpos025'), ('_authorpos025', 'has_name', '_author025'), ('_authorpos025', 'has_order', 'ordinal_026'), ('_article', 'has_author', '_authorpos026'), ('_authorpos026', 'has_name', '_author026'), ('_authorpos026', 'has_order', 'ordinal_027'), ('_article', 'has_author', '_authorpos027'), ('_authorpos027', 'has_name', '_author027'), ('_authorpos027', 'has_order', 'ordinal_028'), ('_article', 'has_author', '_authorpos028'), ('_authorpos028', 'has_name', '_author028'), ('_authorpos028', 'has_order', 'ordinal_029'), ('_article', 'has_author', '_authorpos029'), ('_authorpos029', 'has_name', '_author029'), ('_authorpos029', 'has_order', 'ordinal_030'), ('_article', 'has_author', '_authorpos030'), ('_authorpos030', 'has_name', '_author030'), ('_authorpos030', 'has_order', 'ordinal_031'), ('_article', 'has_author', '_authorpos031'), ('_authorpos031', 'has_name', '_author031'), ('_authorpos031', 'has_order', 'ordinal_032'), ('_article', 'has_author', '_authorpos032'), ('_authorpos032', 'has_name', '_author032'), ('_authorpos032', 'has_order', 'ordinal_033'), ('_article', 'has_author', '_authorpos033'), ('_authorpos033', 'has_name', '_author033'), ('_authorpos033', 'has_order', 'ordinal_034'), ('_article', 'has_author', '_authorpos034'), ('_authorpos034', 'has_name', '_author034'), ('_authorpos034', 'has_order', 'ordinal_035'), ('_article', 'has_author', '_authorpos035'), ('_authorpos035', 'has_name', '_author035'), ('_authorpos035', 'has_order', 'ordinal_036'), ('_article', 'has_author', '_authorpos036'), ('_authorpos036', 'has_name', '_author036'), ('_authorpos036', 'has_order', 'ordinal_037'), ('_article', 'has_author', '_authorpos037'), ('_authorpos037', 'has_name', '_author037'), ('_authorpos037', 'has_order', 'ordinal_038'), ('_article', 'has_author', '_authorpos038'), ('_authorpos038', 'has_name', '_author038'), ('_authorpos038', 'has_order', 'ordinal_039'), ('_article', 'has_author', '_authorpos039'), ('_authorpos039', 'has_name', '_author039'), ('_authorpos039', 'has_order', 'ordinal_040'), ('_article', 'has_author', '_authorpos040'), ('_authorpos040', 'has_name', '_author040'), ('_authorpos040', 'has_order', 'ordinal_041'), ('_article', 'has_author', '_authorpos041'), ('_authorpos041', 'has_name', '_author041'), ('_authorpos041', 'has_order', 'ordinal_042'), ('_article', 'has_author', '_authorpos042'), ('_authorpos042', 'has_name', '_author042'), ('_authorpos042', 'has_order', 'ordinal_043'), ('_article', 'has_author', '_authorpos043'), ('_authorpos043', 'has_name', '_author043'), ('_authorpos043', 'has_order', 'ordinal_044'), ('_article', 'has_author', '_authorpos044'), ('_authorpos044', 'has_name', '_author044'), ('_authorpos044', 'has_order', 'ordinal_045'), ('_article', 'has_author', '_authorpos045'), ('_authorpos045', 'has_name', '_author045'), ('_authorpos045', 'has_order', 'ordinal_046'), ('_article', 'has_author', '_authorpos046'), ('_authorpos046', 'has_name', '_author046'), ('_authorpos046', 'has_order', 'ordinal_047'), ('_article', 'has_author', '_authorpos047'), ('_authorpos047', 'has_name', '_author047'), ('_authorpos047', 'has_order', 'ordinal_048'), ('_article', 'has_author', '_authorpos048'), ('_authorpos048', 'has_name', '_author048'), ('_authorpos048', 'has_order', 'ordinal_049'), ('_article', 'has_author', '_authorpos049'), ('_authorpos049', 'has_name', '_author049'), ('_authorpos049', 'has_order', 'ordinal_050'), ('_article', 'cites', 'http://www.wikidata.org/entity/Q5062194'), ('_article', 'cites', 'http://www.wikidata.org/entity/Q27860722'), ('_article', 'cites', 'http://www.wikidata.org/entity/Q26778411'), ('_article', 'cites', 'http://www.wikidata.org/entity/Q26778411'), ('_article', 'cites', 'http://www.wikidata.org/entity/Q26778411'), ('_article', 'cites', 'http://www.wikidata.org/entity/Q29547853'), ('_article', 'cites', 'http://www.wikidata.org/entity/Q29547853'), ('_article', 'cites', 'http://www.wikidata.org/entity/Q43987901'), ('_article', 'cites', 'http://www.wikidata.org/entity/Q43987901'), ('_article', 'cites', 'http://www.wikidata.org/entity/Q43987901'), ('_article', 'has_subject', 'http://www.wikidata.org/entity/Q580689'), ('_article', 'has_subject', 'http://www.wikidata.org/entity/Q1418791'), ('http://www.wikidata.org/entity/Q7202', 'subclass_of', 'http://www.wikidata.org/entity/Q413')), (('_article', 'has_author', '_authorpos000'), ('_authorpos000', 'has_name', '_author000'), ('_authorpos000', 'has_order', 'ordinal_001'), ('_article', 'has_author', '_authorpos001'), ('_authorpos001', 'has_name', '_author001'), ('_authorpos001', 'has_order', 'ordinal_002'), ('_article', 'has_author', '_authorpos002'), ('_authorpos002', 'has_name', '_author002'), ('_authorpos002', 'has_order', 'ordinal_003'), ('_article', 'has_author', '_authorpos003'), ('_authorpos003', 'has_name', '_author003'), ('_authorpos003', 'has_order', 'ordinal_004'), ('_article', 'has_author', '_authorpos004'), ('_authorpos004', 'has_name', '_author004'), ('_authorpos004', 'has_order', 'ordinal_005'), ('_article', 'has_author', '_authorpos005'), ('_authorpos005', 'has_name', '_author005'), ('_authorpos005', 'has_order', 'ordinal_006'), ('_article', 'has_author', '_authorpos006'), ('_authorpos006', 'has_name', '_author006'), ('_authorpos006', 'has_order', 'ordinal_007'), ('_article', 'has_author', '_authorpos007'), ('_authorpos007', 'has_name', '_author007'), ('_authorpos007', 'has_order', 'ordinal_008'), ('_article', 'has_author', '_authorpos008'), ('_authorpos008', 'has_name', '_author008'), ('_authorpos008', 'has_order', 'ordinal_009'), ('_article', 'has_author', '_authorpos009'), ('_authorpos009', 'has_name', '_author009'), ('_authorpos009', 'has_order', 'ordinal_010'), ('_article', 'has_author', '_authorpos010'), ('_authorpos010', 'has_name', '_author010'), ('_authorpos010', 'has_order', 'ordinal_011'), ('_article', 'has_author', '_authorpos011'), ('_authorpos011', 'has_name', '_author011'), ('_authorpos011', 'has_order', 'ordinal_012'), ('_article', 'has_author', '_authorpos012'), ('_authorpos012', 'has_name', '_author012'), ('_authorpos012', 'has_order', 'ordinal_013'), ('_article', 'has_author', '_authorpos013'), ('_authorpos013', 'has_name', '_author013'), ('_authorpos013', 'has_order', 'ordinal_014'), ('_article', 'has_author', '_authorpos014'), ('_authorpos014', 'has_name', '_author014'), ('_authorpos014', 'has_order', 'ordinal_015'), ('_article', 'has_author', '_authorpos015'), ('_authorpos015', 'has_name', '_author015'), ('_authorpos015', 'has_order', 'ordinal_016'), ('_article', 'has_author', '_authorpos016'), ('_authorpos016', 'has_name', '_author016'), ('_authorpos016', 'has_order', 'ordinal_017'), ('_article', 'has_author', '_authorpos017'), ('_authorpos017', 'has_name', '_author017'), ('_authorpos017', 'has_order', 'ordinal_018'), ('_article', 'has_author', '_authorpos018'), ('_authorpos018', 'has_name', '_author018'), ('_authorpos018', 'has_order', 'ordinal_019'), ('_article', 'has_author', '_authorpos019'), ('_authorpos019', 'has_name', '_author019'), ('_authorpos019', 'has_order', 'ordinal_020'), ('_article', 'has_author', '_authorpos020'), ('_authorpos020', 'has_name', '_author020'), ('_authorpos020', 'has_order', 'ordinal_021'), ('_article', 'has_author', '_authorpos021'), ('_authorpos021', 'has_name', '_author021'), ('_authorpos021', 'has_order', 'ordinal_022'), ('_article', 'has_author', '_authorpos022'), ('_authorpos022', 'has_name', '_author022'), ('_authorpos022', 'has_order', 'ordinal_023'), ('_article', 'has_author', '_authorpos023'), ('_authorpos023', 'has_name', '_author023'), ('_authorpos023', 'has_order', 'ordinal_024'), ('_article', 'has_author', '_authorpos024'), ('_authorpos024', 'has_name', '_author024'), ('_authorpos024', 'has_order', 'ordinal_025'), ('_article', 'has_author', '_authorpos025'), ('_authorpos025', 'has_name', '_author025'), ('_authorpos025', 'has_order', 'ordinal_026'), ('_article', 'has_author', '_authorpos026'), ('_authorpos026', 'has_name', '_author026'), ('_authorpos026', 'has_order', 'ordinal_027'), ('_article', 'has_author', '_authorpos027'), ('_authorpos027', 'has_name', '_author027'), ('_authorpos027', 'has_order', 'ordinal_028'), ('_article', 'has_author', '_authorpos028'), ('_authorpos028', 'has_name', '_author028'), ('_authorpos028', 'has_order', 'ordinal_029'), ('_article', 'has_author', '_authorpos029'), ('_authorpos029', 'has_name', '_author029'), ('_authorpos029', 'has_order', 'ordinal_030'), ('_article', 'has_author', '_authorpos030'), ('_authorpos030', 'has_name', '_author030'), ('_authorpos030', 'has_order', 'ordinal_031'), ('_article', 'has_author', '_authorpos031'), ('_authorpos031', 'has_name', '_author031'), ('_authorpos031', 'has_order', 'ordinal_032'), ('_article', 'has_author', '_authorpos032'), ('_authorpos032', 'has_name', '_author032'), ('_authorpos032', 'has_order', 'ordinal_033'), ('_article', 'has_author', '_authorpos033'), ('_authorpos033', 'has_name', '_author033'), ('_authorpos033', 'has_order', 'ordinal_034'), ('_article', 'has_author', '_authorpos034'), ('_authorpos034', 'has_name', '_author034'), ('_authorpos034', 'has_order', 'ordinal_035'), ('_article', 'has_author', '_authorpos035'), ('_authorpos035', 'has_name', '_author035'), ('_authorpos035', 'has_order', 'ordinal_036'), ('_article', 'has_author', '_authorpos036'), ('_authorpos036', 'has_name', '_author036'), ('_authorpos036', 'has_order', 'ordinal_037'), ('_article', 'has_author', '_authorpos037'), ('_authorpos037', 'has_name', '_author037'), ('_authorpos037', 'has_order', 'ordinal_038'), ('_article', 'has_author', '_authorpos038'), ('_authorpos038', 'has_name', '_author038'), ('_authorpos038', 'has_order', 'ordinal_039'), ('_article', 'has_author', '_authorpos039'), ('_authorpos039', 'has_name', '_author039'), ('_authorpos039', 'has_order', 'ordinal_040'), ('_article', 'has_author', '_authorpos040'), ('_authorpos040', 'has_name', '_author039'), ('_authorpos040', 'has_order', 'ordinal_041'), ('_article', 'has_author', '_authorpos041'), ('_authorpos041', 'has_name', '_author041'), ('_authorpos041', 'has_order', 'ordinal_042'), ('_article', 'has_author', '_authorpos042'), ('_authorpos042', 'has_name', '_author042'), ('_authorpos042', 'has_order', 'ordinal_043'), ('_article', 'has_author', '_authorpos043'), ('_authorpos043', 'has_name', '_author043'), ('_authorpos043', 'has_order', 'ordinal_044'), ('_article', 'has_author', '_authorpos044'), ('_authorpos044', 'has_name', '_author044'), ('_authorpos044', 'has_order', 'ordinal_045'), ('_article', 'has_author', '_authorpos045'), ('_authorpos045', 'has_name', '_author045'), ('_authorpos045', 'has_order', 'ordinal_046'), ('_article', 'has_author', '_authorpos046'), ('_authorpos046', 'has_name', '_author046'), ('_authorpos046', 'has_order', 'ordinal_047'), ('_article', 'has_author', '_authorpos047'), ('_authorpos047', 'has_name', '_author047'), ('_authorpos047', 'has_order', 'ordinal_048'), ('_article', 'has_author', '_authorpos048'), ('_authorpos048', 'has_name', '_author048'), ('_authorpos048', 'has_order', 'ordinal_049'), ('_article', 'has_author', '_authorpos049'), ('_authorpos049', 'has_name', '_author049'), ('_authorpos049', 'has_order', 'ordinal_050'), ('_article', 'has_subject', 'http://www.wikidata.org/entity/Q7867'), ('http://www.wikidata.org/entity/Q46994', 'subclass_of', 'http://www.wikidata.org/entity/Q11190'), ('http://www.wikidata.org/entity/Q11190', 'subclass_of', 'http://www.wikidata.org/entity/Q843601')), (('_article', 'has_author', '_authorpos000'), ('_authorpos000', 'has_name', '_author000'), ('_authorpos000', 'has_order', 'ordinal_001'), ('_article', 'has_author', '_authorpos001'), ('_authorpos001', 'has_name', '_author001'), ('_authorpos001', 'has_order', 'ordinal_002'), ('_article', 'has_author', '_authorpos002'), ('_authorpos002', 'has_name', '_author002'), ('_authorpos002', 'has_order', 'ordinal_003'), ('_article', 'has_author', '_authorpos003'), ('_authorpos003', 'has_name', '_author003'), ('_authorpos003', 'has_order', 'ordinal_004'), ('_article', 'has_author', '_authorpos004'), ('_authorpos004', 'has_name', '_author004'), ('_authorpos004', 'has_order', 'ordinal_005'), ('_article', 'has_author', '_authorpos005'), ('_authorpos005', 'has_name', '_author005'), ('_authorpos005', 'has_order', 'ordinal_006'), ('_article', 'has_author', '_authorpos006'), ('_authorpos006', 'has_name', '_author006'), ('_authorpos006', 'has_order', 'ordinal_007'), ('_article', 'has_author', '_authorpos007'), ('_authorpos007', 'has_name', '_author007'), ('_authorpos007', 'has_order', 'ordinal_008'), ('_article', 'has_author', '_authorpos008'), ('_authorpos008', 'has_name', '_author008'), ('_authorpos008', 'has_order', 'ordinal_009'), ('_article', 'has_author', '_authorpos009'), ('_authorpos009', 'has_name', '_author009'), ('_authorpos009', 'has_order', 'ordinal_010'), ('_article', 'has_author', '_authorpos010'), ('_authorpos010', 'has_name', '_author010'), ('_authorpos010', 'has_order', 'ordinal_011'), ('_article', 'has_author', '_authorpos011'), ('_authorpos011', 'has_name', '_author011'), ('_authorpos011', 'has_order', 'ordinal_012'), ('_article', 'has_author', '_authorpos012'), ('_authorpos012', 'has_name', '_author012'), ('_authorpos012', 'has_order', 'ordinal_013'), ('_article', 'has_author', '_authorpos013'), ('_authorpos013', 'has_name', '_author013'), ('_authorpos013', 'has_order', 'ordinal_014'), ('_article', 'has_author', '_authorpos014'), ('_authorpos014', 'has_name', '_author014'), ('_authorpos014', 'has_order', 'ordinal_015'), ('_article', 'has_author', '_authorpos015'), ('_authorpos015', 'has_name', '_author015'), ('_authorpos015', 'has_order', 'ordinal_016'), ('_article', 'has_author', '_authorpos016'), ('_authorpos016', 'has_name', '_author016'), ('_authorpos016', 'has_order', 'ordinal_017'), ('_article', 'has_author', '_authorpos017'), ('_authorpos017', 'has_name', '_author017'), ('_authorpos017', 'has_order', 'ordinal_018'), ('_article', 'has_author', '_authorpos018'), ('_authorpos018', 'has_name', '_author018'), ('_authorpos018', 'has_order', 'ordinal_019'), ('_article', 'has_author', '_authorpos019'), ('_authorpos019', 'has_name', '_author019'), ('_authorpos019', 'has_order', 'ordinal_020'), ('_article', 'has_author', '_authorpos020'), ('_authorpos020', 'has_name', '_author020'), ('_authorpos020', 'has_order', 'ordinal_021'), ('_article', 'has_author', '_authorpos021'), ('_authorpos021', 'has_name', '_author021'), ('_authorpos021', 'has_order', 'ordinal_022'), ('_article', 'has_author', '_authorpos022'), ('_authorpos022', 'has_name', '_author022'), ('_authorpos022', 'has_order', 'ordinal_023'), ('_article', 'has_author', '_authorpos023'), ('_authorpos023', 'has_name', '_author023'), ('_authorpos023', 'has_order', 'ordinal_024'), ('_article', 'has_author', '_authorpos024'), ('_authorpos024', 'has_name', '_author024'), ('_authorpos024', 'has_order', 'ordinal_025'), ('_article', 'has_author', '_authorpos025'), ('_authorpos025', 'has_name', '_author025'), ('_authorpos025', 'has_order', 'ordinal_026'), ('_article', 'has_author', '_authorpos026'), ('_authorpos026', 'has_name', '_author026'), ('_authorpos026', 'has_order', 'ordinal_027'), ('_article', 'has_author', '_authorpos027'), ('_authorpos027', 'has_name', '_author027'), ('_authorpos027', 'has_order', 'ordinal_028'), ('_article', 'has_author', '_authorpos028'), ('_authorpos028', 'has_name', '_author028'), ('_authorpos028', 'has_order', 'ordinal_029'), ('_article', 'has_author', '_authorpos029'), ('_authorpos029', 'has_name', '_author029'), ('_authorpos029', 'has_order', 'ordinal_030'), ('_article', 'has_author', '_authorpos030'), ('_authorpos030', 'has_name', '_author030'), ('_authorpos030', 'has_order', 'ordinal_031'), ('_article', 'has_author', '_authorpos031'), ('_authorpos031', 'has_name', '_author031'), ('_authorpos031', 'has_order', 'ordinal_032'), ('_article', 'has_author', '_authorpos032'), ('_authorpos032', 'has_name', '_author032'), ('_authorpos032', 'has_order', 'ordinal_033'), ('_article', 'has_author', '_authorpos033'), ('_authorpos033', 'has_name', '_author033'), ('_authorpos033', 'has_order', 'ordinal_034'), ('_article', 'has_author', '_authorpos034'), ('_authorpos034', 'has_name', '_author034'), ('_authorpos034', 'has_order', 'ordinal_035'), ('_article', 'has_author', '_authorpos035'), ('_authorpos035', 'has_name', '_author035'), ('_authorpos035', 'has_order', 'ordinal_036'), ('_article', 'has_author', '_authorpos036'), ('_authorpos036', 'has_name', '_author035'), ('_authorpos036', 'has_order', 'ordinal_037'), ('_article', 'has_author', '_authorpos037'), ('_authorpos037', 'has_name', '_author035'), ('_authorpos037', 'has_order', 'ordinal_038'), ('_article', 'has_author', '_authorpos038'), ('_authorpos038', 'has_name', '_author037'), ('_authorpos038', 'has_order', 'ordinal_039'), ('_article', 'has_author', '_authorpos039'), ('_authorpos039', 'has_name', '_author037'), ('_authorpos039', 'has_order', 'ordinal_040'), ('_article', 'has_author', '_authorpos040'), ('_authorpos040', 'has_name', '_author038'), ('_authorpos040', 'has_order', 'ordinal_041'), ('_article', 'has_author', '_authorpos041'), ('_authorpos041', 'has_name', '_author039'), ('_authorpos041', 'has_order', 'ordinal_042'), ('_article', 'has_author', '_authorpos042'), ('_authorpos042', 'has_name', '_author041'), ('_authorpos042', 'has_order', 'ordinal_043'), ('_article', 'has_author', '_authorpos043'), ('_authorpos043', 'has_name', '_author041'), ('_authorpos043', 'has_order', 'ordinal_044'), ('_article', 'has_author', '_authorpos044'), ('_authorpos044', 'has_name', '_author041'), ('_authorpos044', 'has_order', 'ordinal_045'), ('_article', 'has_author', '_authorpos045'), ('_authorpos045', 'has_name', '_author041'), ('_authorpos045', 'has_order', 'ordinal_046'), ('_article', 'has_author', '_authorpos046'), ('_authorpos046', 'has_name', '_author046'), ('_authorpos046', 'has_order', 'ordinal_047'), ('_article', 'has_author', '_authorpos047'), ('_authorpos047', 'has_name', '_author044'), ('_authorpos047', 'has_order', 'ordinal_048'), ('_article', 'has_author', '_authorpos048'), ('_authorpos048', 'has_name', '_author044'), ('_authorpos048', 'has_order', 'ordinal_049'), ('_article', 'has_author', '_authorpos049'), ('_authorpos049', 'has_name', '_author046'), ('_authorpos049', 'has_order', 'ordinal_050'), ('_article', 'cites', 'http://www.wikidata.org/entity/Q24303248'), ('_article', 'cites', 'http://www.wikidata.org/entity/Q24300024'), ('_article', 'cites', 'http://www.wikidata.org/entity/Q24300024'), ('_article', 'cites', 'http://www.wikidata.org/entity/Q24300024'), ('_article', 'cites', 'http://www.wikidata.org/entity/Q24615271'), ('_article', 'cites', 'http://www.wikidata.org/entity/Q24615271'), ('_article', 'cites', 'http://www.wikidata.org/entity/Q28513537'), ('_article', 'cites', 'http://www.wikidata.org/entity/Q28513537'), ('_article', 'cites', 'http://www.wikidata.org/entity/Q28513537'), ('_article', 'cites', 'http://www.wikidata.org/entity/Q28513537'), ('_article', 'cites', 'http://www.wikidata.org/entity/Q24544260'), ('_article', 'cites', 'http://www.wikidata.org/entity/Q24544260'), ('_article', 'cites', 'http://www.wikidata.org/entity/Q24544260'), ('_article', 'cites', 'http://www.wikidata.org/entity/Q27860699'), ('_article', 'cites', 'http://www.wikidata.org/entity/Q27860699'), ('_article', 'cites', 'http://www.wikidata.org/entity/Q27860699'), ('_article', 'cites', 'http://www.wikidata.org/entity/Q27860699'), ('_article', 'cites', 'http://www.wikidata.org/entity/Q27860699'), ('_article', 'cites', 'http://www.wikidata.org/entity/Q33602928'), ('_article', 'cites', 'http://www.wikidata.org/entity/Q33602928'), ('_article', 'cites', 'http://www.wikidata.org/entity/Q29614969'), ('_article', 'cites', 'http://www.wikidata.org/entity/Q29614969'), ('_article', 'cites', 'http://www.wikidata.org/entity/Q29614969'), ('_article', 'cites', 'http://www.wikidata.org/entity/Q29614969'), ('_article', 'cites', 'http://www.wikidata.org/entity/Q29614969'), ('_article', 'cites', 'http://www.wikidata.org/entity/Q29614969'), ('_article', 'cites', 'http://www.wikidata.org/entity/Q29614432'), ('_article', 'cites', 'http://www.wikidata.org/entity/Q29614432'), ('_article', 'cites', 'http://www.wikidata.org/entity/Q29614432'), ('_article', 'cites', 'http://www.wikidata.org/entity/Q29614432'), ('_article', 'cites', 'http://www.wikidata.org/entity/Q29615437'), ('_article', 'cites', 'http://www.wikidata.org/entity/Q29615437'), ('_article', 'cites', 'http://www.wikidata.org/entity/Q29615437'), ('_article', 'cites', 'http://www.wikidata.org/entity/Q29615437'), ('_article', 'cites', 'http://www.wikidata.org/entity/Q29615437'), ('_article', 'cites', 'http://www.wikidata.org/entity/Q28268899'), ('_article', 'cites', 'http://www.wikidata.org/entity/Q28268899'), ('_article', 'cites', 'http://www.wikidata.org/entity/Q28268899'), ('_article', 'cites', 'http://www.wikidata.org/entity/Q28268899'), ('_article', 'cites', 'http://www.wikidata.org/entity/Q34699863'), ('_article', 'cites', 'http://www.wikidata.org/entity/Q34699863'), ('_article', 'cites', 'http://www.wikidata.org/entity/Q34699863'), ('_article', 'cites', 'http://www.wikidata.org/entity/Q34699863'), ('_article', 'cites', 'http://www.wikidata.org/entity/Q29620447'), ('_article', 'cites', 'http://www.wikidata.org/entity/Q29620447'), ('_article', 'cites', 'http://www.wikidata.org/entity/Q36677568'), ('_article', 'cites', 'http://www.wikidata.org/entity/Q36677568'), ('_article', 'cites', 'http://www.wikidata.org/entity/Q36677568'), ('_article', 'cites', 'http://www.wikidata.org/entity/Q36677568'), ('_article', 'cites', 'http://www.wikidata.org/entity/Q36677568'), ('_article', 'cites', 'http://www.wikidata.org/entity/Q39473693'), ('_article', 'cites', 'http://www.wikidata.org/entity/Q39473693'), ('_article', 'cites', 'http://www.wikidata.org/entity/Q39473693'), ('_article', 'cites', 'http://www.wikidata.org/entity/Q39473693'), ('_article', 'cites', 'http://www.wikidata.org/entity/Q39473693'), ('_article', 'cites', 'http://www.wikidata.org/entity/Q39473693'), ('_article', 'cites', '_subject098'), ('_article', 'cites', '_subject098'), ('_article', 'cites', '_subject098'), ('_article', 'has_subject', 'http://www.wikidata.org/entity/Q411114'), ('_article', 'has_subject', 'http://www.wikidata.org/entity/Q412405'), ('_article', 'has_subject', 'http://www.wikidata.org/entity/Q79927'))]

[Graph Diversity from 10 Random Latents]
  Unique graphs generated: 10
  Diversity ratio: 1.000

[Full Compression (Posterior) on 1% of Test Set]
  Avg total bits: 175.29
  Avg AR bits:    158.00
  Avg KL bits:    17.29
  Min / Max total bits: 10.00 / 820.43
[1;34mwandb[0m: 
[1;34mwandb[0m: 🚀 View run [33mAutoregwd-articles[0m at: [34mhttps://wandb.ai/vozikis/autoreg_articles/runs/s5vabk64[0m
[1;34mwandb[0m: Find logs at: [1;35mwandb/run-20250713_110127-s5vabk64/logs[0m

JOB STATISTICS
==============
Job ID: 13132209
Cluster: snellius
User/Group: avozikis1/avozikis1
State: RUNNING
Nodes: 1
Cores per node: 18
CPU Utilized: 00:00:00
CPU Efficiency: 0.00% of 49-13:06:00 core-walltime
Job Wall-clock time: 2-18:03:40
Memory Utilized: 0.00 MB
Memory Efficiency: 0.00% of 64.00 GB (64.00 GB/node)
WARNING: Efficiency statistics can only be obtained after the job has ended as seff tool is based on the accounting database data.
