entities: 131  relations: 5  max_triples: 5
Epoch   1/300 | Total   0.4702 | CE   0.4702 | KL   2.7580
Epoch   2/300 | Total   0.0939 | CE   0.0523 | KL   1.5599
Epoch   3/300 | Total   0.0740 | CE   0.0195 | KL   1.0235
Epoch   4/300 | Total   0.0911 | CE   0.0194 | KL   0.8965
Epoch   5/300 | Total   0.1096 | CE   0.0217 | KL   0.8246
Epoch   6/300 | Total   0.1255 | CE   0.0237 | KL   0.7632
Epoch   7/300 | Total   0.1418 | CE   0.0261 | KL   0.7230
Epoch   8/300 | Total   0.1569 | CE   0.0285 | KL   0.6877
Epoch   9/300 | Total   0.1724 | CE   0.0316 | KL   0.6601
Epoch  10/300 | Total   0.1868 | CE   0.0342 | KL   0.6358
Epoch  11/300 | Total   0.2002 | CE   0.0370 | KL   0.6119
Epoch  12/300 | Total   0.2139 | CE   0.0397 | KL   0.5936
Epoch  13/300 | Total   0.2270 | CE   0.0426 | KL   0.5762
Epoch  14/300 | Total   0.2398 | CE   0.0454 | KL   0.5607
Epoch  15/300 | Total   0.2522 | CE   0.0484 | KL   0.5461
Epoch  16/300 | Total   0.2644 | CE   0.0515 | KL   0.5323
Epoch  17/300 | Total   0.2762 | CE   0.0539 | KL   0.5209
Epoch  18/300 | Total   0.2880 | CE   0.0572 | KL   0.5092
Epoch  19/300 | Total   0.3000 | CE   0.0605 | KL   0.4991
Epoch  20/300 | Total   0.3113 | CE   0.0635 | KL   0.4890
Epoch  21/300 | Total   0.3221 | CE   0.0666 | KL   0.4791
Epoch  22/300 | Total   0.3319 | CE   0.0701 | KL   0.4676
Epoch  23/300 | Total   0.3446 | CE   0.0736 | KL   0.4619
Epoch  24/300 | Total   0.3539 | CE   0.0765 | KL   0.4524
Epoch  25/300 | Total   0.3652 | CE   0.0802 | KL   0.4452
Epoch  26/300 | Total   0.3745 | CE   0.0834 | KL   0.4367
Epoch  27/300 | Total   0.3853 | CE   0.0872 | KL   0.4300
Epoch  28/300 | Total   0.3951 | CE   0.0909 | KL   0.4225
Epoch  29/300 | Total   0.4053 | CE   0.0949 | KL   0.4157
Epoch  30/300 | Total   0.4135 | CE   0.0981 | KL   0.4078
Epoch  31/300 | Total   0.4239 | CE   0.1022 | KL   0.4022
Epoch  32/300 | Total   0.4343 | CE   0.1061 | KL   0.3970
Epoch  33/300 | Total   0.4423 | CE   0.1094 | KL   0.3901
Epoch  34/300 | Total   0.4515 | CE   0.1136 | KL   0.3839
Epoch  35/300 | Total   0.4599 | CE   0.1168 | KL   0.3785
Epoch  36/300 | Total   0.4710 | CE   0.1229 | KL   0.3729
Epoch  37/300 | Total   0.4799 | CE   0.1263 | KL   0.3683
Epoch  38/300 | Total   0.4875 | CE   0.1303 | KL   0.3621
Epoch  39/300 | Total   0.4913 | CE   0.1325 | KL   0.3588
Epoch  40/300 | Total   0.4897 | CE   0.1320 | KL   0.3577
Epoch  41/300 | Total   0.4892 | CE   0.1310 | KL   0.3581
Epoch  42/300 | Total   0.4898 | CE   0.1313 | KL   0.3585
Epoch  43/300 | Total   0.4896 | CE   0.1306 | KL   0.3590
Epoch  44/300 | Total   0.4875 | CE   0.1300 | KL   0.3575
Epoch  45/300 | Total   0.4878 | CE   0.1302 | KL   0.3576
Epoch  46/300 | Total   0.4866 | CE   0.1291 | KL   0.3575
Epoch  47/300 | Total   0.4863 | CE   0.1286 | KL   0.3577
Epoch  48/300 | Total   0.4854 | CE   0.1285 | KL   0.3569
Epoch  49/300 | Total   0.4855 | CE   0.1277 | KL   0.3578
Epoch  50/300 | Total   0.4848 | CE   0.1273 | KL   0.3574
Epoch  51/300 | Total   0.4833 | CE   0.1266 | KL   0.3566
Epoch  52/300 | Total   0.4836 | CE   0.1260 | KL   0.3576
Epoch  53/300 | Total   0.4832 | CE   0.1258 | KL   0.3574
Epoch  54/300 | Total   0.4826 | CE   0.1251 | KL   0.3576
Epoch  55/300 | Total   0.4821 | CE   0.1247 | KL   0.3575
Epoch  56/300 | Total   0.4812 | CE   0.1235 | KL   0.3577
Epoch  57/300 | Total   0.4818 | CE   0.1246 | KL   0.3572
Epoch  58/300 | Total   0.4815 | CE   0.1241 | KL   0.3574
Epoch  59/300 | Total   0.4805 | CE   0.1231 | KL   0.3574
Epoch  60/300 | Total   0.4805 | CE   0.1226 | KL   0.3579
Epoch  61/300 | Total   0.4797 | CE   0.1227 | KL   0.3570
Epoch  62/300 | Total   0.4800 | CE   0.1230 | KL   0.3569
Epoch  63/300 | Total   0.4775 | CE   0.1210 | KL   0.3565
Epoch  64/300 | Total   0.4786 | CE   0.1212 | KL   0.3574
Epoch  65/300 | Total   0.4782 | CE   0.1209 | KL   0.3572
Epoch  66/300 | Total   0.4774 | CE   0.1202 | KL   0.3572
Epoch  67/300 | Total   0.4774 | CE   0.1202 | KL   0.3572
Epoch  68/300 | Total   0.4760 | CE   0.1193 | KL   0.3567
Epoch  69/300 | Total   0.4771 | CE   0.1194 | KL   0.3577
Epoch  70/300 | Total   0.4761 | CE   0.1184 | KL   0.3577
Epoch  71/300 | Total   0.4754 | CE   0.1176 | KL   0.3578
Epoch  72/300 | Total   0.4750 | CE   0.1171 | KL   0.3578
Epoch  73/300 | Total   0.4753 | CE   0.1173 | KL   0.3579
Epoch  74/300 | Total   0.4724 | CE   0.1160 | KL   0.3564
Epoch  75/300 | Total   0.4736 | CE   0.1163 | KL   0.3573
Epoch  76/300 | Total   0.0028 | CE   0.0028 | KL   2.5555
Epoch  77/300 | Total   0.0244 | CE   0.0030 | KL   0.8047
Epoch  78/300 | Total   0.0390 | CE   0.0046 | KL   0.6456
Epoch  79/300 | Total   0.0554 | CE   0.0065 | KL   0.6110
Epoch  80/300 | Total   0.0719 | CE   0.0087 | KL   0.5918
Epoch  81/300 | Total   0.0874 | CE   0.0107 | KL   0.5748
Epoch  82/300 | Total   0.1038 | CE   0.0133 | KL   0.5657
Epoch  83/300 | Total   0.1188 | CE   0.0156 | KL   0.5528
Epoch  84/300 | Total   0.1332 | CE   0.0178 | KL   0.5409
Epoch  85/300 | Total   0.1479 | CE   0.0202 | KL   0.5319
Epoch  86/300 | Total   0.1619 | CE   0.0224 | KL   0.5234
Epoch  87/300 | Total   0.1756 | CE   0.0248 | KL   0.5140
Epoch  88/300 | Total   0.1897 | CE   0.0277 | KL   0.5065
Epoch  89/300 | Total   0.2019 | CE   0.0297 | KL   0.4968
Epoch  90/300 | Total   0.2141 | CE   0.0318 | KL   0.4882
Epoch  91/300 | Total   0.2265 | CE   0.0343 | KL   0.4805
Epoch  92/300 | Total   0.2388 | CE   0.0368 | KL   0.4736
Epoch  93/300 | Total   0.2513 | CE   0.0393 | KL   0.4676
Epoch  94/300 | Total   0.2622 | CE   0.0419 | KL   0.4589
Epoch  95/300 | Total   0.2738 | CE   0.0446 | KL   0.4523
Epoch  96/300 | Total   0.2855 | CE   0.0472 | KL   0.4467
Epoch  97/300 | Total   0.2959 | CE   0.0493 | KL   0.4404
Epoch  98/300 | Total   0.3081 | CE   0.0522 | KL   0.4361
Epoch  99/300 | Total   0.3186 | CE   0.0552 | KL   0.4294
Epoch 100/300 | Total   0.3306 | CE   0.0583 | KL   0.4255
Epoch 101/300 | Total   0.3412 | CE   0.0614 | KL   0.4197
Epoch 102/300 | Total   0.3513 | CE   0.0644 | KL   0.4138
Epoch 103/300 | Total   0.3620 | CE   0.0675 | KL   0.4090
Epoch 104/300 | Total   0.3716 | CE   0.0703 | KL   0.4036
Epoch 105/300 | Total   0.3821 | CE   0.0734 | KL   0.3992
Epoch 106/300 | Total   0.3914 | CE   0.0765 | KL   0.3936
Epoch 107/300 | Total   0.4021 | CE   0.0794 | KL   0.3904
Epoch 108/300 | Total   0.4107 | CE   0.0828 | KL   0.3843
Epoch 109/300 | Total   0.4218 | CE   0.0866 | KL   0.3809
Epoch 110/300 | Total   0.4303 | CE   0.0896 | KL   0.3758
Epoch 111/300 | Total   0.4404 | CE   0.0933 | KL   0.3719
Epoch 112/300 | Total   0.4498 | CE   0.0972 | KL   0.3673
Epoch 113/300 | Total   0.4589 | CE   0.1010 | KL   0.3628
Epoch 114/300 | Total   0.4629 | CE   0.1034 | KL   0.3595
Epoch 115/300 | Total   0.4628 | CE   0.1031 | KL   0.3597
Epoch 116/300 | Total   0.4622 | CE   0.1030 | KL   0.3592
Epoch 117/300 | Total   0.4623 | CE   0.1027 | KL   0.3596
Epoch 118/300 | Total   0.4623 | CE   0.1031 | KL   0.3593
Epoch 119/300 | Total   0.4615 | CE   0.1028 | KL   0.3587
Epoch 120/300 | Total   0.4609 | CE   0.1023 | KL   0.3587
Epoch 121/300 | Total   0.4602 | CE   0.1020 | KL   0.3582
Epoch 122/300 | Total   0.4605 | CE   0.1023 | KL   0.3582
Epoch 123/300 | Total   0.4598 | CE   0.1018 | KL   0.3580
Epoch 124/300 | Total   0.4598 | CE   0.1019 | KL   0.3579
Epoch 125/300 | Total   0.4601 | CE   0.1017 | KL   0.3584
Epoch 126/300 | Total   0.4598 | CE   0.1015 | KL   0.3583
Epoch 127/300 | Total   0.4592 | CE   0.1017 | KL   0.3575
Epoch 128/300 | Total   0.4601 | CE   0.1020 | KL   0.3581
Epoch 129/300 | Total   0.4599 | CE   0.1019 | KL   0.3580
Epoch 130/300 | Total   0.4595 | CE   0.1016 | KL   0.3580
Epoch 131/300 | Total   0.4589 | CE   0.1011 | KL   0.3578
Epoch 132/300 | Total   0.4583 | CE   0.1000 | KL   0.3582
Epoch 133/300 | Total   0.4573 | CE   0.1003 | KL   0.3570
Epoch 134/300 | Total   0.4571 | CE   0.1002 | KL   0.3568
Epoch 135/300 | Total   0.4569 | CE   0.0995 | KL   0.3574
Epoch 136/300 | Total   0.4563 | CE   0.0994 | KL   0.3569
Epoch 137/300 | Total   0.4560 | CE   0.0990 | KL   0.3570
Epoch 138/300 | Total   0.4562 | CE   0.0991 | KL   0.3571
Epoch 139/300 | Total   0.4562 | CE   0.0992 | KL   0.3570
Epoch 140/300 | Total   0.4556 | CE   0.0983 | KL   0.3573
Epoch 141/300 | Total   0.4554 | CE   0.0983 | KL   0.3572
Epoch 142/300 | Total   0.4552 | CE   0.0982 | KL   0.3571
Epoch 143/300 | Total   0.4544 | CE   0.0978 | KL   0.3566
Epoch 144/300 | Total   0.4542 | CE   0.0977 | KL   0.3565
Epoch 145/300 | Total   0.4547 | CE   0.0975 | KL   0.3571
Epoch 146/300 | Total   0.4535 | CE   0.0971 | KL   0.3563
Epoch 147/300 | Total   0.4536 | CE   0.0972 | KL   0.3564
Epoch 148/300 | Total   0.4542 | CE   0.0966 | KL   0.3576
Epoch 149/300 | Total   0.4537 | CE   0.0968 | KL   0.3569
Epoch 150/300 | Total   0.4529 | CE   0.0965 | KL   0.3564
Epoch 151/300 | Total   0.0031 | CE   0.0031 | KL   1.8602
Epoch 152/300 | Total   0.0222 | CE   0.0027 | KL   0.7314
Epoch 153/300 | Total   0.0362 | CE   0.0042 | KL   0.6003
Epoch 154/300 | Total   0.0513 | CE   0.0057 | KL   0.5704
Epoch 155/300 | Total   0.0659 | CE   0.0074 | KL   0.5487
Epoch 156/300 | Total   0.0804 | CE   0.0091 | KL   0.5347
Epoch 157/300 | Total   0.0950 | CE   0.0109 | KL   0.5258
Epoch 158/300 | Total   0.1089 | CE   0.0127 | KL   0.5152
Epoch 159/300 | Total   0.1228 | CE   0.0147 | KL   0.5068
Epoch 160/300 | Total   0.1361 | CE   0.0166 | KL   0.4981
Epoch 161/300 | Total   0.1490 | CE   0.0183 | KL   0.4902
Epoch 162/300 | Total   0.1624 | CE   0.0204 | KL   0.4839
Epoch 163/300 | Total   0.1745 | CE   0.0224 | KL   0.4755
Epoch 164/300 | Total   0.1869 | CE   0.0243 | KL   0.4688
Epoch 165/300 | Total   0.1992 | CE   0.0262 | KL   0.4634
Epoch 166/300 | Total   0.2111 | CE   0.0285 | KL   0.4567
Epoch 167/300 | Total   0.2234 | CE   0.0307 | KL   0.4516
Epoch 168/300 | Total   0.2351 | CE   0.0327 | KL   0.4465
Epoch 169/300 | Total   0.2460 | CE   0.0347 | KL   0.4402
Epoch 170/300 | Total   0.2578 | CE   0.0367 | KL   0.4364
Epoch 171/300 | Total   0.2687 | CE   0.0388 | KL   0.4310
Epoch 172/300 | Total   0.2792 | CE   0.0412 | KL   0.4250
Epoch 173/300 | Total   0.2900 | CE   0.0434 | KL   0.4204
Epoch 174/300 | Total   0.3013 | CE   0.0463 | KL   0.4158
Epoch 175/300 | Total   0.3123 | CE   0.0486 | KL   0.4122
Epoch 176/300 | Total   0.3216 | CE   0.0502 | KL   0.4072
Epoch 177/300 | Total   0.3335 | CE   0.0534 | KL   0.4041
Epoch 178/300 | Total   0.3427 | CE   0.0554 | KL   0.3990
Epoch 179/300 | Total   0.3535 | CE   0.0582 | KL   0.3956
Epoch 180/300 | Total   0.3640 | CE   0.0609 | KL   0.3919
Epoch 181/300 | Total   0.3741 | CE   0.0639 | KL   0.3877
Epoch 182/300 | Total   0.3840 | CE   0.0665 | KL   0.3841
Epoch 183/300 | Total   0.3934 | CE   0.0696 | KL   0.3794
Epoch 184/300 | Total   0.4032 | CE   0.0721 | KL   0.3763
Epoch 185/300 | Total   0.4133 | CE   0.0752 | KL   0.3730
Epoch 186/300 | Total   0.4224 | CE   0.0779 | KL   0.3691
Epoch 187/300 | Total   0.4314 | CE   0.0809 | KL   0.3651
Epoch 188/300 | Total   0.4405 | CE   0.0842 | KL   0.3611
Epoch 189/300 | Total   0.4460 | CE   0.0859 | KL   0.3602
Epoch 190/300 | Total   0.4456 | CE   0.0863 | KL   0.3592
Epoch 191/300 | Total   0.4448 | CE   0.0863 | KL   0.3584
Epoch 192/300 | Total   0.4450 | CE   0.0863 | KL   0.3587
Epoch 193/300 | Total   0.4442 | CE   0.0861 | KL   0.3581
Epoch 194/300 | Total   0.4441 | CE   0.0861 | KL   0.3580
Epoch 195/300 | Total   0.4449 | CE   0.0861 | KL   0.3588
Epoch 196/300 | Total   0.4443 | CE   0.0867 | KL   0.3576
Epoch 197/300 | Total   0.4437 | CE   0.0864 | KL   0.3573
Epoch 198/300 | Total   0.4433 | CE   0.0861 | KL   0.3571
Epoch 199/300 | Total   0.4434 | CE   0.0860 | KL   0.3574
Epoch 200/300 | Total   0.4429 | CE   0.0859 | KL   0.3569
Epoch 201/300 | Total   0.4431 | CE   0.0862 | KL   0.3569
Epoch 202/300 | Total   0.4424 | CE   0.0856 | KL   0.3568
Epoch 203/300 | Total   0.4429 | CE   0.0854 | KL   0.3574
Epoch 204/300 | Total   0.4419 | CE   0.0853 | KL   0.3566
Epoch 205/300 | Total   0.4417 | CE   0.0851 | KL   0.3567
Epoch 206/300 | Total   0.4423 | CE   0.0853 | KL   0.3569
Epoch 207/300 | Total   0.4418 | CE   0.0853 | KL   0.3566
Epoch 208/300 | Total   0.4418 | CE   0.0850 | KL   0.3568
Epoch 209/300 | Total   0.4411 | CE   0.0851 | KL   0.3560
Epoch 210/300 | Total   0.4408 | CE   0.0847 | KL   0.3561
Epoch 211/300 | Total   0.4416 | CE   0.0848 | KL   0.3568
Epoch 212/300 | Total   0.4404 | CE   0.0845 | KL   0.3559
Epoch 213/300 | Total   0.4402 | CE   0.0845 | KL   0.3557
Epoch 214/300 | Total   0.4411 | CE   0.0844 | KL   0.3567
Epoch 215/300 | Total   0.4408 | CE   0.0842 | KL   0.3566
Epoch 216/300 | Total   0.4402 | CE   0.0838 | KL   0.3564
Epoch 217/300 | Total   0.4400 | CE   0.0840 | KL   0.3560
Epoch 218/300 | Total   0.4400 | CE   0.0841 | KL   0.3559
Epoch 219/300 | Total   0.4396 | CE   0.0838 | KL   0.3559
Epoch 220/300 | Total   0.4402 | CE   0.0841 | KL   0.3561
Epoch 221/300 | Total   0.4401 | CE   0.0835 | KL   0.3565
Epoch 222/300 | Total   0.4397 | CE   0.0836 | KL   0.3561
Epoch 223/300 | Total   0.4390 | CE   0.0828 | KL   0.3562
Epoch 224/300 | Total   0.4396 | CE   0.0832 | KL   0.3563
Epoch 225/300 | Total   0.4387 | CE   0.0830 | KL   0.3557
Epoch 226/300 | Total   0.0052 | CE   0.0052 | KL   0.9273
Epoch 227/300 | Total   0.0204 | CE   0.0024 | KL   0.6738
Epoch 228/300 | Total   0.0349 | CE   0.0041 | KL   0.5776
Epoch 229/300 | Total   0.0493 | CE   0.0056 | KL   0.5461
Epoch 230/300 | Total   0.0631 | CE   0.0070 | KL   0.5260
Epoch 231/300 | Total   0.0766 | CE   0.0085 | KL   0.5113
Epoch 232/300 | Total   0.0898 | CE   0.0100 | KL   0.4991
Epoch 233/300 | Total   0.1030 | CE   0.0115 | KL   0.4901
Epoch 234/300 | Total   0.1159 | CE   0.0130 | KL   0.4822
Epoch 235/300 | Total   0.1287 | CE   0.0147 | KL   0.4748
Epoch 236/300 | Total   0.1409 | CE   0.0162 | KL   0.4675
Epoch 237/300 | Total   0.1533 | CE   0.0180 | KL   0.4612
Epoch 238/300 | Total   0.1658 | CE   0.0197 | KL   0.4563
Epoch 239/300 | Total   0.1777 | CE   0.0214 | KL   0.4508
Epoch 240/300 | Total   0.1895 | CE   0.0231 | KL   0.4455
Epoch 241/300 | Total   0.2008 | CE   0.0248 | KL   0.4399
Epoch 242/300 | Total   0.2122 | CE   0.0265 | KL   0.4352
Epoch 243/300 | Total   0.2242 | CE   0.0284 | KL   0.4317
Epoch 244/300 | Total   0.2350 | CE   0.0303 | KL   0.4264
Epoch 245/300 | Total   0.2463 | CE   0.0323 | KL   0.4223
Epoch 246/300 | Total   0.2575 | CE   0.0342 | KL   0.4186
Epoch 247/300 | Total   0.2685 | CE   0.0362 | KL   0.4149
Epoch 248/300 | Total   0.2796 | CE   0.0383 | KL   0.4113
Epoch 249/300 | Total   0.2905 | CE   0.0405 | KL   0.4076
Epoch 250/300 | Total   0.3006 | CE   0.0420 | KL   0.4041
Epoch 251/300 | Total   0.3112 | CE   0.0445 | KL   0.4001
Epoch 252/300 | Total   0.3227 | CE   0.0468 | KL   0.3979
Epoch 253/300 | Total   0.3323 | CE   0.0489 | KL   0.3936
Epoch 254/300 | Total   0.3432 | CE   0.0513 | KL   0.3909
Epoch 255/300 | Total   0.3532 | CE   0.0532 | KL   0.3879
Epoch 256/300 | Total   0.3634 | CE   0.0559 | KL   0.3843
Epoch 257/300 | Total   0.3726 | CE   0.0582 | KL   0.3803
Epoch 258/300 | Total   0.3832 | CE   0.0605 | KL   0.3783
Epoch 259/300 | Total   0.3930 | CE   0.0634 | KL   0.3745
Epoch 260/300 | Total   0.4032 | CE   0.0662 | KL   0.3718
Epoch 261/300 | Total   0.4122 | CE   0.0678 | KL   0.3691
Epoch 262/300 | Total   0.4226 | CE   0.0707 | KL   0.3666
Epoch 263/300 | Total   0.4314 | CE   0.0735 | KL   0.3628
Epoch 264/300 | Total   0.4367 | CE   0.0751 | KL   0.3616
Epoch 265/300 | Total   0.4361 | CE   0.0757 | KL   0.3605
Epoch 266/300 | Total   0.4353 | CE   0.0758 | KL   0.3594
Epoch 267/300 | Total   0.4360 | CE   0.0762 | KL   0.3597
Epoch 268/300 | Total   0.4356 | CE   0.0764 | KL   0.3592
Epoch 269/300 | Total   0.4354 | CE   0.0767 | KL   0.3587
Epoch 270/300 | Total   0.4353 | CE   0.0763 | KL   0.3590
Epoch 271/300 | Total   0.4356 | CE   0.0767 | KL   0.3589
Epoch 272/300 | Total   0.4355 | CE   0.0767 | KL   0.3589
Epoch 273/300 | Total   0.4353 | CE   0.0766 | KL   0.3587
Epoch 274/300 | Total   0.4359 | CE   0.0768 | KL   0.3591
Epoch 275/300 | Total   0.4358 | CE   0.0769 | KL   0.3589
Epoch 276/300 | Total   0.4358 | CE   0.0771 | KL   0.3587
Epoch 277/300 | Total   0.4357 | CE   0.0771 | KL   0.3587
Epoch 278/300 | Total   0.4353 | CE   0.0770 | KL   0.3584
Epoch 279/300 | Total   0.4353 | CE   0.0770 | KL   0.3583
Epoch 280/300 | Total   0.4350 | CE   0.0772 | KL   0.3579
Epoch 281/300 | Total   0.4348 | CE   0.0772 | KL   0.3576
Epoch 282/300 | Total   0.4360 | CE   0.0776 | KL   0.3583
Epoch 283/300 | Total   0.4359 | CE   0.0774 | KL   0.3585
Epoch 284/300 | Total   0.4355 | CE   0.0774 | KL   0.3580
Epoch 285/300 | Total   0.4349 | CE   0.0772 | KL   0.3577
Epoch 286/300 | Total   0.4343 | CE   0.0772 | KL   0.3571
Epoch 287/300 | Total   0.4353 | CE   0.0777 | KL   0.3576
Epoch 288/300 | Total   0.4356 | CE   0.0775 | KL   0.3581
Epoch 289/300 | Total   0.4347 | CE   0.0774 | KL   0.3573
Epoch 290/300 | Total   0.4345 | CE   0.0774 | KL   0.3571
Epoch 291/300 | Total   0.4350 | CE   0.0775 | KL   0.3575
Epoch 292/300 | Total   0.4344 | CE   0.0773 | KL   0.3571
Epoch 293/300 | Total   0.4346 | CE   0.0774 | KL   0.3573
Epoch 294/300 | Total   0.4349 | CE   0.0774 | KL   0.3575
Epoch 295/300 | Total   0.4348 | CE   0.0773 | KL   0.3575
Epoch 296/300 | Total   0.4352 | CE   0.0777 | KL   0.3575
Epoch 297/300 | Total   0.4348 | CE   0.0772 | KL   0.3576
Epoch 298/300 | Total   0.4344 | CE   0.0774 | KL   0.3571
Epoch 299/300 | Total   0.4351 | CE   0.0775 | KL   0.3576
Epoch 300/300 | Total   0.4354 | CE   0.0776 | KL   0.3579


Example graph (conditioned on test entities):
[('_academic', 'has_name', 'Anita McCabe'), ('_academic', 'has_role', 'professor'), ('_academic', 'has_time', '_time'), ('_time', 'start_year', '2006'), ('_time', 'end_year', '2020')]

Semantic evaluation – graphs conditioned on test entities:
Semantic Evaluation Results:
Semantics: 100.0%
Novel_semantics: 100.0%
Novel: 100.0%
Known: 0.0%
Empty: 0.0%

Graph Samples (Printing only 5 samples):

Valid graphs:
Count: 0
Sample: []

Valid novel graphs:
Count: 10000
Sample: [(('_academic', 'has_name', 'Rahul Rowan'), ('_academic', 'has_role', 'professor'), ('_academic', 'has_time', '_time'), ('_time', 'start_year', '2011'), ('_time', 'end_year', '2019')), (('_academic', 'has_name', 'Boglárka Rosenberg'), ('_academic', 'has_role', 'phd researcher'), ('_academic', 'has_time', '_time'), ('_time', 'start_year', '1990'), ('_time', 'end_year', '1993')), (('_academic', 'has_name', 'Meera Mac Amhalghaidh'), ('_academic', 'has_role', 'post doctoral researcher'), ('_academic', 'has_time', '_time'), ('_time', 'start_year', '2001'), ('_time', 'end_year', '2003')), (('_academic', 'has_name', 'Tahlako Plaskett'), ('_academic', 'has_role', 'professor'), ('_academic', 'has_time', '_time'), ('_time', 'start_year', '1969'), ('_time', 'end_year', '1988')), (('_academic', 'has_name', 'Danya Maçon'), ('_academic', 'has_role', 'professor'), ('_academic', 'has_time', '_time'), ('_time', 'start_year', '1964'), ('_time', 'end_year', '1988'))]

Invalid graphs:
Count: 0
Sample: []


Example graph (random latent):
[('_academic', 'has_name', 'Teófilo Gupta'), ('_academic', 'has_role', 'professor'), ('_academic', 'has_time', '_time'), ('_time', 'start_year', '1991'), ('_time', 'end_year', '2002')]

Semantic evaluation – graphs from random latent:
Semantic Evaluation Results:
Semantics: 100.0%
Novel_semantics: 100.0%
Novel: 100.0%
Known: 0.0%
Empty: 0.0%

Graph Samples (Printing only 5 samples):

Valid graphs:
Count: 0
Sample: []

Valid novel graphs:
Count: 10000
Sample: [(('_academic', 'has_name', 'Martina Alan'), ('_academic', 'has_role', 'professor'), ('_academic', 'has_time', '_time'), ('_time', 'start_year', '1978'), ('_time', 'end_year', '1982')), (('_academic', 'has_name', 'Lulu MacKay'), ('_academic', 'has_role', 'masters researcher'), ('_academic', 'has_time', '_time'), ('_time', 'start_year', '2002'), ('_time', 'end_year', '2003')), (('_academic', 'has_name', 'Vojtech Mac Neachtain'), ('_academic', 'has_role', 'professor'), ('_academic', 'has_time', '_time'), ('_time', 'start_year', '1957'), ('_time', 'end_year', '1984')), (('_academic', 'has_name', 'Boglárka Rosenberg'), ('_academic', 'has_role', 'professor'), ('_academic', 'has_time', '_time'), ('_time', 'start_year', '1973'), ('_time', 'end_year', '1989')), (('_academic', 'has_name', 'Valerija Alger'), ('_academic', 'has_role', 'post doctoral researcher'), ('_academic', 'has_time', '_time'), ('_time', 'start_year', '1981'), ('_time', 'end_year', '1984'))]

Invalid graphs:
Count: 0
Sample: []



=== Compression from Prior Latent z ~ N(0,I) (Decoded Graphs) ===
Token 1 (id=83): bits = -0.000, entropy = 0.000
Token 2 (id=137): bits = -0.000, entropy = 0.000
Token 3 (id=63): bits = 1.208, entropy = 2.259
Token 4 (id=83): bits = -0.000, entropy = 0.000
Token 5 (id=134): bits = -0.000, entropy = 0.000
Token 6 (id=24): bits = -0.000, entropy = 0.000
Token 7 (id=83): bits = -0.000, entropy = 0.000
Token 8 (id=136): bits = -0.000, entropy = 0.000
Token 9 (id=16): bits = -0.000, entropy = 0.000
Token 10 (id=16): bits = -0.000, entropy = 0.000
Token 11 (id=138): bits = -0.000, entropy = 0.000
Token 12 (id=51): bits = 0.308, entropy = 0.852
Token 13 (id=16): bits = -0.000, entropy = 0.000
Token 14 (id=135): bits = -0.000, entropy = 0.000
Token 15 (id=81): bits = 0.103, entropy = 0.407
Token 16 (id=2): bits = -0.000, entropy = 0.000

[Compression Bits from z ~ N(0,I) (decoded graphs)]
  Avg: 1.39
  Min: 0.20
  Max: 3.31

=== Local Latent Neighborhood Exploration ===

--- Reference Graph (z₀) ---
(_academic, has_name, Kunti Andréasson)
(_academic, has_role, professor)
(_academic, has_time, _time)
(_time, start_year, 1989)
(_time, end_year, 2001)

--- Perturbed z #1 ---
(_academic, has_name, Kunti Andréasson)
(_academic, has_role, professor)
(_academic, has_time, _time)
(_time, start_year, 1989)
(_time, end_year, 2001)
# Overlapping triples with z₀: 5 / 5

--- Perturbed z #2 ---
(_academic, has_name, Vojtech Mac Neachtain)
(_academic, has_role, professor)
(_academic, has_time, _time)
(_time, start_year, 1989)
(_time, end_year, 1999)
# Overlapping triples with z₀: 3 / 5

--- Perturbed z #3 ---
(_academic, has_name, Nikita Serafim)
(_academic, has_role, professor)
(_academic, has_time, _time)
(_time, start_year, 1989)
(_time, end_year, 2001)
# Overlapping triples with z₀: 4 / 5

--- Perturbed z #4 ---
(_academic, has_name, Anita McCabe)
(_academic, has_role, professor)
(_academic, has_time, _time)
(_time, start_year, 1988)
(_time, end_year, 2001)
# Overlapping triples with z₀: 3 / 5

--- Perturbed z #5 ---
(_academic, has_name, Kunti Andréasson)
(_academic, has_role, professor)
(_academic, has_time, _time)
(_time, start_year, 1988)
(_time, end_year, 2001)
# Overlapping triples with z₀: 4 / 5

--- Perturbed z #6 ---
(_academic, has_name, Kunti Andréasson)
(_academic, has_role, professor)
(_academic, has_time, _time)
(_time, start_year, 1989)
(_time, end_year, 2001)
# Overlapping triples with z₀: 5 / 5

--- Perturbed z #7 ---
(_academic, has_name, Gríðr Oberst)
(_academic, has_role, professor)
(_academic, has_time, _time)
(_time, start_year, 1989)
(_time, end_year, 2001)
# Overlapping triples with z₀: 4 / 5

--- Perturbed z #8 ---
(_academic, has_name, Nikita Serafim)
(_academic, has_role, professor)
(_academic, has_time, _time)
(_time, start_year, 1989)
(_time, end_year, 2001)
# Overlapping triples with z₀: 4 / 5

--- Perturbed z #9 ---
(_academic, has_name, Vojtech Mac Neachtain)
(_academic, has_role, professor)
(_academic, has_time, _time)
(_time, start_year, 1989)
(_time, end_year, 2000)
# Overlapping triples with z₀: 3 / 5

--- Perturbed z #10 ---
(_academic, has_name, Kunti Andréasson)
(_academic, has_role, professor)
(_academic, has_time, _time)
(_time, start_year, 1989)
(_time, end_year, 2001)
# Overlapping triples with z₀: 5 / 5

--- Perturbed z #11 ---
(_academic, has_name, Nikita Serafim)
(_academic, has_role, professor)
(_academic, has_time, _time)
(_time, start_year, 1988)
(_time, end_year, 2001)
# Overlapping triples with z₀: 3 / 5

--- Perturbed z #12 ---
(_academic, has_name, Nikita Serafim)
(_academic, has_role, professor)
(_academic, has_time, _time)
(_time, start_year, 1989)
(_time, end_year, 2001)
# Overlapping triples with z₀: 4 / 5

--- Perturbed z #13 ---
(_academic, has_name, Gríðr Oberst)
(_academic, has_role, professor)
(_academic, has_time, _time)
(_time, start_year, 1989)
(_time, end_year, 1999)
# Overlapping triples with z₀: 3 / 5

--- Perturbed z #14 ---
(_academic, has_name, Nikita Serafim)
(_academic, has_role, professor)
(_academic, has_time, _time)
(_time, start_year, 1989)
(_time, end_year, 2001)
# Overlapping triples with z₀: 4 / 5

--- Perturbed z #15 ---
(_academic, has_name, Nikita Serafim)
(_academic, has_role, professor)
(_academic, has_time, _time)
(_time, start_year, 1988)
(_time, end_year, 2001)
# Overlapping triples with z₀: 3 / 5

--- Perturbed z #16 ---
(_academic, has_name, Gríðr Oberst)
(_academic, has_role, professor)
(_academic, has_time, _time)
(_time, start_year, 1989)
(_time, end_year, 2001)
# Overlapping triples with z₀: 4 / 5

--- Perturbed z #17 ---
(_academic, has_name, Nikita Serafim)
(_academic, has_role, professor)
(_academic, has_time, _time)
(_time, start_year, 1989)
(_time, end_year, 1999)
# Overlapping triples with z₀: 3 / 5

--- Perturbed z #18 ---
(_academic, has_name, Vojtech Mac Neachtain)
(_academic, has_role, professor)
(_academic, has_time, _time)
(_time, start_year, 1989)
(_time, end_year, 2001)
# Overlapping triples with z₀: 4 / 5

--- Perturbed z #19 ---
(_academic, has_name, Nikita Serafim)
(_academic, has_role, professor)
(_academic, has_time, _time)
(_time, start_year, 1989)
(_time, end_year, 1999)
# Overlapping triples with z₀: 3 / 5

--- Perturbed z #20 ---
(_academic, has_name, Kunti Andréasson)
(_academic, has_role, professor)
(_academic, has_time, _time)
(_time, start_year, 1989)
(_time, end_year, 2001)
# Overlapping triples with z₀: 5 / 5

[Graph Diversity from 10000 Random Latents]
  Unique graphs generated: 9351
  Diversity ratio: 0.935

[Full Compression (Posterior) on Test Set]
  Avg total bits: 19.38
  Avg AR bits:    1.61
  Avg KL bits:    17.77
  Min / Max total bits: 17.32 / 27.43
fineshed running

JOB STATISTICS
==============
Job ID: 12531429
Cluster: snellius
User/Group: avozikis/avozikis
State: RUNNING
Nodes: 1
Cores per node: 18
CPU Utilized: 00:00:00
CPU Efficiency: 0.00% of 1-16:28:30 core-walltime
Job Wall-clock time: 02:14:55
Memory Utilized: 0.00 MB
Memory Efficiency: 0.00% of 64.00 GB (64.00 GB/node)
WARNING: Efficiency statistics can only be obtained after the job has ended as seff tool is based on the accounting database data.
