Epoch   1/300 | Total   1.5274 | CE   1.4104 | KL   1.1705
Epoch   2/300 | Total   0.8986 | CE   0.6965 | KL   1.9616
Epoch   3/300 | Total   0.6892 | CE   0.4432 | KL   2.3207
Epoch   4/300 | Total   0.6159 | CE   0.3515 | KL   2.4255
Epoch   5/300 | Total   0.5531 | CE   0.2714 | KL   2.5157
Epoch   6/300 | Total   0.5302 | CE   0.2382 | KL   2.5390
Epoch   7/300 | Total   0.5123 | CE   0.2130 | KL   2.5360
Epoch   8/300 | Total   0.5038 | CE   0.1978 | KL   2.5290
Epoch   9/300 | Total   0.4956 | CE   0.1832 | KL   2.5194
Epoch  10/300 | Total   0.4918 | CE   0.1732 | KL   2.5085
Epoch  11/300 | Total   0.4923 | CE   0.1673 | KL   2.4997
Epoch  12/300 | Total   0.4886 | CE   0.1585 | KL   2.4817
Epoch  13/300 | Total   0.4887 | CE   0.1530 | KL   2.4684
Epoch  14/300 | Total   0.4857 | CE   0.1442 | KL   2.4571
Epoch  15/300 | Total   0.4873 | CE   0.1399 | KL   2.4460
Epoch  16/300 | Total   0.4867 | CE   0.1337 | KL   2.4345
Epoch  17/300 | Total   0.4894 | CE   0.1302 | KL   2.4272
Epoch  18/300 | Total   0.4907 | CE   0.1261 | KL   2.4150
Epoch  19/300 | Total   0.4940 | CE   0.1234 | KL   2.4066
Epoch  20/300 | Total   0.4963 | CE   0.1204 | KL   2.3939
Epoch  21/300 | Total   0.5056 | CE   0.1235 | KL   2.3882
Epoch  22/300 | Total   0.5038 | CE   0.1177 | KL   2.3687
Epoch  23/300 | Total   0.5110 | CE   0.1191 | KL   2.3607
Epoch  24/300 | Total   0.5132 | CE   0.1158 | KL   2.3511
Epoch  25/300 | Total   0.5173 | CE   0.1149 | KL   2.3392
Epoch  26/300 | Total   0.5236 | CE   0.1158 | KL   2.3304
Epoch  27/300 | Total   0.5285 | CE   0.1148 | KL   2.3237
Epoch  28/300 | Total   0.5345 | CE   0.1158 | KL   2.3137
Epoch  29/300 | Total   0.5409 | CE   0.1160 | KL   2.3092
Epoch  30/300 | Total   0.5465 | CE   0.1165 | KL   2.2993
Epoch  31/300 | Total   0.5510 | CE   0.1158 | KL   2.2910
Epoch  32/300 | Total   0.5566 | CE   0.1169 | KL   2.2783
Epoch  33/300 | Total   0.5620 | CE   0.1168 | KL   2.2717
Epoch  34/300 | Total   0.5703 | CE   0.1193 | KL   2.2663
Epoch  35/300 | Total   0.5740 | CE   0.1187 | KL   2.2539
Epoch  36/300 | Total   0.5788 | CE   0.1180 | KL   2.2478
Epoch  37/300 | Total   0.5839 | CE   0.1178 | KL   2.2409
Epoch  38/300 | Total   0.5917 | CE   0.1200 | KL   2.2353
Epoch  39/300 | Total   0.5945 | CE   0.1187 | KL   2.2232
Epoch  40/300 | Total   0.6024 | CE   0.1212 | KL   2.2175
Epoch  41/300 | Total   0.6080 | CE   0.1213 | KL   2.2121
Epoch  42/300 | Total   0.6133 | CE   0.1219 | KL   2.2035
Epoch  43/300 | Total   0.6164 | CE   0.1201 | KL   2.1959
Epoch  44/300 | Total   0.6241 | CE   0.1228 | KL   2.1892
Epoch  45/300 | Total   0.6294 | CE   0.1235 | KL   2.1807
Epoch  46/300 | Total   0.6341 | CE   0.1233 | KL   2.1735
Epoch  47/300 | Total   0.6404 | CE   0.1245 | KL   2.1676
Epoch  48/300 | Total   0.6471 | CE   0.1263 | KL   2.1607
Epoch  49/300 | Total   0.6520 | CE   0.1265 | KL   2.1537
Epoch  50/300 | Total   0.6562 | CE   0.1257 | KL   2.1480
Epoch  51/300 | Total   0.6623 | CE   0.1273 | KL   2.1398
Epoch  52/300 | Total   0.6686 | CE   0.1278 | KL   2.1374
Epoch  53/300 | Total   0.6734 | CE   0.1290 | KL   2.1266
Epoch  54/300 | Total   0.6804 | CE   0.1302 | KL   2.1246
Epoch  55/300 | Total   0.6837 | CE   0.1300 | KL   2.1133
Epoch  56/300 | Total   0.6879 | CE   0.1295 | KL   2.1074
Epoch  57/300 | Total   0.6966 | CE   0.1327 | KL   2.1043
Epoch  58/300 | Total   0.7012 | CE   0.1330 | KL   2.0966
Epoch  59/300 | Total   0.7060 | CE   0.1334 | KL   2.0900
Epoch  60/300 | Total   0.7128 | CE   0.1361 | KL   2.0818
Epoch  61/300 | Total   0.7183 | CE   0.1360 | KL   2.0796
Epoch  62/300 | Total   0.7227 | CE   0.1368 | KL   2.0702
Epoch  63/300 | Total   0.7272 | CE   0.1362 | KL   2.0664
Epoch  64/300 | Total   0.7336 | CE   0.1383 | KL   2.0598
Epoch  65/300 | Total   0.7379 | CE   0.1381 | KL   2.0543
Epoch  66/300 | Total   0.7445 | CE   0.1403 | KL   2.0480
Epoch  67/300 | Total   0.7513 | CE   0.1424 | KL   2.0433
Epoch  68/300 | Total   0.7558 | CE   0.1418 | KL   2.0398
Epoch  69/300 | Total   0.7602 | CE   0.1437 | KL   2.0277
Epoch  70/300 | Total   0.7650 | CE   0.1430 | KL   2.0262
Epoch  71/300 | Total   0.7695 | CE   0.1444 | KL   2.0163
Epoch  72/300 | Total   0.7774 | CE   0.1466 | KL   2.0152
Epoch  73/300 | Total   0.7811 | CE   0.1460 | KL   2.0098
Epoch  74/300 | Total   0.7857 | CE   0.1470 | KL   2.0022
Epoch  75/300 | Total   0.7907 | CE   0.1490 | KL   1.9930
Epoch  76/300 | Total   0.7960 | CE   0.1491 | KL   1.9905
Epoch  77/300 | Total   0.8006 | CE   0.1500 | KL   1.9833
Epoch  78/300 | Total   0.8069 | CE   0.1512 | KL   1.9807
Epoch  79/300 | Total   0.8132 | CE   0.1532 | KL   1.9758
Epoch  80/300 | Total   0.8161 | CE   0.1526 | KL   1.9689
Epoch  81/300 | Total   0.8216 | CE   0.1543 | KL   1.9625
Epoch  82/300 | Total   0.8263 | CE   0.1549 | KL   1.9576
Epoch  83/300 | Total   0.8333 | CE   0.1575 | KL   1.9532
Epoch  84/300 | Total   0.8372 | CE   0.1578 | KL   1.9468
Epoch  85/300 | Total   0.8435 | CE   0.1591 | KL   1.9443
Epoch  86/300 | Total   0.8470 | CE   0.1595 | KL   1.9365
Epoch  87/300 | Total   0.8533 | CE   0.1616 | KL   1.9321
Epoch  88/300 | Total   0.8572 | CE   0.1617 | KL   1.9267
Epoch  89/300 | Total   0.8638 | CE   0.1637 | KL   1.9236
Epoch  90/300 | Total   0.8680 | CE   0.1645 | KL   1.9169
Epoch  91/300 | Total   0.8724 | CE   0.1658 | KL   1.9097
Epoch  92/300 | Total   0.8789 | CE   0.1668 | KL   1.9089
Epoch  93/300 | Total   0.8839 | CE   0.1683 | KL   1.9030
Epoch  94/300 | Total   0.8890 | CE   0.1698 | KL   1.8976
Epoch  95/300 | Total   0.8935 | CE   0.1700 | KL   1.8941
Epoch  96/300 | Total   0.8987 | CE   0.1720 | KL   1.8874
Epoch  97/300 | Total   0.9041 | CE   0.1726 | KL   1.8851
Epoch  98/300 | Total   0.9076 | CE   0.1738 | KL   1.8768
Epoch  99/300 | Total   0.9138 | CE   0.1759 | KL   1.8728
Epoch 100/300 | Total   0.9190 | CE   0.1775 | KL   1.8677
Epoch 101/300 | Total   0.9212 | CE   0.1763 | KL   1.8622
Epoch 102/300 | Total   0.9286 | CE   0.1788 | KL   1.8606
Epoch 103/300 | Total   0.9318 | CE   0.1795 | KL   1.8529
Epoch 104/300 | Total   0.9367 | CE   0.1808 | KL   1.8483
Epoch 105/300 | Total   0.9422 | CE   0.1823 | KL   1.8443
Epoch 106/300 | Total   0.9458 | CE   0.1823 | KL   1.8397
Epoch 107/300 | Total   0.9514 | CE   0.1852 | KL   1.8330
Epoch 108/300 | Total   0.9577 | CE   0.1855 | KL   1.8343
Epoch 109/300 | Total   0.9626 | CE   0.1880 | KL   1.8268
Epoch 110/300 | Total   0.9664 | CE   0.1889 | KL   1.8208
Epoch 111/300 | Total   0.9720 | CE   0.1903 | KL   1.8178
Epoch 112/300 | Total   0.9756 | CE   0.1911 | KL   1.8119
Epoch 113/300 | Total   0.9802 | CE   0.1919 | KL   1.8080
Epoch 114/300 | Total   0.9854 | CE   0.1944 | KL   1.8019
Epoch 115/300 | Total   0.9902 | CE   0.1942 | KL   1.8008
Epoch 116/300 | Total   0.9947 | CE   0.1963 | KL   1.7942
Epoch 117/300 | Total   0.9989 | CE   0.1976 | KL   1.7885
Epoch 118/300 | Total   1.0040 | CE   0.1986 | KL   1.7859
Epoch 119/300 | Total   1.0082 | CE   0.1999 | KL   1.7805
Epoch 120/300 | Total   1.0137 | CE   0.2020 | KL   1.7761
Epoch 121/300 | Total   1.0179 | CE   0.2021 | KL   1.7735
Epoch 122/300 | Total   1.0241 | CE   0.2047 | KL   1.7697
Epoch 123/300 | Total   1.0278 | CE   0.2058 | KL   1.7639
Epoch 124/300 | Total   1.0325 | CE   0.2075 | KL   1.7590
Epoch 125/300 | Total   1.0385 | CE   0.2105 | KL   1.7543
Epoch 126/300 | Total   1.0408 | CE   0.2093 | KL   1.7506
Epoch 127/300 | Total   1.0463 | CE   0.2116 | KL   1.7463
Epoch 128/300 | Total   1.0511 | CE   0.2131 | KL   1.7422
Epoch 129/300 | Total   1.0541 | CE   0.2135 | KL   1.7369
Epoch 130/300 | Total   1.0603 | CE   0.2155 | KL   1.7347
Epoch 131/300 | Total   1.0654 | CE   0.2167 | KL   1.7318
Epoch 132/300 | Total   1.0678 | CE   0.2184 | KL   1.7229
Epoch 133/300 | Total   1.0735 | CE   0.2195 | KL   1.7217
Epoch 134/300 | Total   1.0777 | CE   0.2221 | KL   1.7146
Epoch 135/300 | Total   1.0819 | CE   0.2231 | KL   1.7109
Epoch 136/300 | Total   1.0875 | CE   0.2246 | KL   1.7087
Epoch 137/300 | Total   1.0898 | CE   0.2252 | KL   1.7019
Epoch 138/300 | Total   1.0958 | CE   0.2269 | KL   1.7002
Epoch 139/300 | Total   1.1006 | CE   0.2285 | KL   1.6968
Epoch 140/300 | Total   1.1038 | CE   0.2299 | KL   1.6903
Epoch 141/300 | Total   1.1099 | CE   0.2327 | KL   1.6869
Epoch 142/300 | Total   1.1122 | CE   0.2327 | KL   1.6817
Epoch 143/300 | Total   1.1169 | CE   0.2349 | KL   1.6768
Epoch 144/300 | Total   1.1219 | CE   0.2360 | KL   1.6747
Epoch 145/300 | Total   1.1264 | CE   0.2387 | KL   1.6686
Epoch 146/300 | Total   1.1301 | CE   0.2394 | KL   1.6649
Epoch 147/300 | Total   1.1339 | CE   0.2409 | KL   1.6599
Epoch 148/300 | Total   1.1382 | CE   0.2426 | KL   1.6554
Epoch 149/300 | Total   1.1436 | CE   0.2452 | KL   1.6515
Epoch 150/300 | Total   1.1461 | CE   0.2455 | KL   1.6464
Epoch 151/300 | Total   1.1513 | CE   0.2474 | KL   1.6435
Epoch 152/300 | Total   1.1550 | CE   0.2485 | KL   1.6393
Epoch 153/300 | Total   1.1593 | CE   0.2506 | KL   1.6343
Epoch 154/300 | Total   1.1639 | CE   0.2518 | KL   1.6316
Epoch 155/300 | Total   1.1674 | CE   0.2540 | KL   1.6254
Epoch 156/300 | Total   1.1723 | CE   0.2551 | KL   1.6234
Epoch 157/300 | Total   1.1763 | CE   0.2579 | KL   1.6169
Epoch 158/300 | Total   1.1801 | CE   0.2580 | KL   1.6148
Epoch 159/300 | Total   1.1839 | CE   0.2596 | KL   1.6102
Epoch 160/300 | Total   1.1889 | CE   0.2630 | KL   1.6048
Epoch 161/300 | Total   1.1917 | CE   0.2643 | KL   1.5990
Epoch 162/300 | Total   1.1966 | CE   0.2657 | KL   1.5966
Epoch 163/300 | Total   1.2004 | CE   0.2672 | KL   1.5925
Epoch 164/300 | Total   1.2043 | CE   0.2688 | KL   1.5883
Epoch 165/300 | Total   1.2083 | CE   0.2692 | KL   1.5862
Epoch 166/300 | Total   1.2118 | CE   0.2713 | KL   1.5808
Epoch 167/300 | Total   1.2158 | CE   0.2733 | KL   1.5760
Epoch 168/300 | Total   1.2209 | CE   0.2751 | KL   1.5737
Epoch 169/300 | Total   1.2249 | CE   0.2782 | KL   1.5674
Epoch 170/300 | Total   1.2283 | CE   0.2793 | KL   1.5633
Epoch 171/300 | Total   1.2335 | CE   0.2815 | KL   1.5607
Epoch 172/300 | Total   1.2353 | CE   0.2821 | KL   1.5550
Epoch 173/300 | Total   1.2393 | CE   0.2840 | KL   1.5508
Epoch 174/300 | Total   1.2443 | CE   0.2862 | KL   1.5478
Epoch 175/300 | Total   1.2479 | CE   0.2884 | KL   1.5427
Epoch 176/300 | Total   1.2516 | CE   0.2903 | KL   1.5381
Epoch 177/300 | Total   1.2546 | CE   0.2910 | KL   1.5344
Epoch 178/300 | Total   1.2592 | CE   0.2938 | KL   1.5299
Epoch 179/300 | Total   1.2625 | CE   0.2956 | KL   1.5251
Epoch 180/300 | Total   1.2679 | CE   0.2966 | KL   1.5248
Epoch 181/300 | Total   1.2717 | CE   0.2997 | KL   1.5188
Epoch 182/300 | Total   1.2754 | CE   0.3020 | KL   1.5139
Epoch 183/300 | Total   1.2775 | CE   0.3029 | KL   1.5087
Epoch 184/300 | Total   1.2814 | CE   0.3047 | KL   1.5049
Epoch 185/300 | Total   1.2855 | CE   0.3078 | KL   1.4995
Epoch 186/300 | Total   1.2897 | CE   0.3093 | KL   1.4968
Epoch 187/300 | Total   1.2934 | CE   0.3104 | KL   1.4939
Epoch 188/300 | Total   1.2974 | CE   0.3132 | KL   1.4889
Epoch 189/300 | Total   1.3012 | CE   0.3154 | KL   1.4847
Epoch 190/300 | Total   1.3044 | CE   0.3171 | KL   1.4802
Epoch 191/300 | Total   1.3088 | CE   0.3191 | KL   1.4772
Epoch 192/300 | Total   1.3115 | CE   0.3212 | KL   1.4714
Epoch 193/300 | Total   1.3159 | CE   0.3239 | KL   1.4675
Epoch 194/300 | Total   1.3179 | CE   0.3259 | KL   1.4611
Epoch 195/300 | Total   1.3231 | CE   0.3279 | KL   1.4592
Epoch 196/300 | Total   1.3269 | CE   0.3303 | KL   1.4549
Epoch 197/300 | Total   1.3296 | CE   0.3314 | KL   1.4509
Epoch 198/300 | Total   1.3324 | CE   0.3326 | KL   1.4470
Epoch 199/300 | Total   1.3369 | CE   0.3363 | KL   1.4417
Epoch 200/300 | Total   1.3400 | CE   0.3388 | KL   1.4364
Epoch 201/300 | Total   1.3450 | CE   0.3418 | KL   1.4331
Epoch 202/300 | Total   1.3491 | CE   0.3422 | KL   1.4323
Epoch 203/300 | Total   1.3520 | CE   0.3463 | KL   1.4244
Epoch 204/300 | Total   1.3545 | CE   0.3478 | KL   1.4198
Epoch 205/300 | Total   1.3588 | CE   0.3501 | KL   1.4167
Epoch 206/300 | Total   1.3620 | CE   0.3513 | KL   1.4137
Epoch 207/300 | Total   1.3659 | CE   0.3538 | KL   1.4097
Epoch 208/300 | Total   1.3700 | CE   0.3564 | KL   1.4059
Epoch 209/300 | Total   1.3716 | CE   0.3590 | KL   1.3986
Epoch 210/300 | Total   1.3770 | CE   0.3628 | KL   1.3951
Epoch 211/300 | Total   1.3792 | CE   0.3635 | KL   1.3913
Epoch 212/300 | Total   1.3833 | CE   0.3664 | KL   1.3873
Epoch 213/300 | Total   1.3862 | CE   0.3695 | KL   1.3814
Epoch 214/300 | Total   1.3901 | CE   0.3718 | KL   1.3779
Epoch 215/300 | Total   1.3925 | CE   0.3739 | KL   1.3728
Epoch 216/300 | Total   1.3961 | CE   0.3763 | KL   1.3689
Epoch 217/300 | Total   1.4015 | CE   0.3793 | KL   1.3665
Epoch 218/300 | Total   1.4038 | CE   0.3808 | KL   1.3622
Epoch 219/300 | Total   1.4062 | CE   0.3833 | KL   1.3566
Epoch 220/300 | Total   1.4098 | CE   0.3856 | KL   1.3529
Epoch 221/300 | Total   1.4139 | CE   0.3886 | KL   1.3491
Epoch 222/300 | Total   1.4169 | CE   0.3907 | KL   1.3450
Epoch 223/300 | Total   1.4201 | CE   0.3928 | KL   1.3411
Epoch 224/300 | Total   1.4241 | CE   0.3965 | KL   1.3363
Epoch 225/300 | Total   1.4283 | CE   0.3993 | KL   1.3330
Epoch 226/300 | Total   1.4305 | CE   0.4017 | KL   1.3275
Epoch 227/300 | Total   1.4348 | CE   0.4046 | KL   1.3242
Epoch 228/300 | Total   1.4365 | CE   0.4065 | KL   1.3187
Epoch 229/300 | Total   1.4407 | CE   0.4096 | KL   1.3152
Epoch 230/300 | Total   1.4423 | CE   0.4123 | KL   1.3088
Epoch 231/300 | Total   1.4482 | CE   0.4150 | KL   1.3079
Epoch 232/300 | Total   1.4517 | CE   0.4182 | KL   1.3033
Epoch 233/300 | Total   1.4554 | CE   0.4218 | KL   1.2984
Epoch 234/300 | Total   1.4578 | CE   0.4236 | KL   1.2944
Epoch 235/300 | Total   1.4606 | CE   0.4259 | KL   1.2901
Epoch 236/300 | Total   1.4637 | CE   0.4292 | KL   1.2851
Epoch 237/300 | Total   1.4681 | CE   0.4324 | KL   1.2819
Epoch 238/300 | Total   1.4701 | CE   0.4356 | KL   1.2756
Epoch 239/300 | Total   1.4741 | CE   0.4382 | KL   1.2726
Epoch 240/300 | Total   1.4755 | CE   0.4406 | KL   1.2667
Epoch 241/300 | Total   1.4813 | CE   0.4438 | KL   1.2652
Epoch 242/300 | Total   1.4840 | CE   0.4465 | KL   1.2606
Epoch 243/300 | Total   1.4869 | CE   0.4495 | KL   1.2559
Epoch 244/300 | Total   1.4895 | CE   0.4519 | KL   1.2517
Epoch 245/300 | Total   1.4926 | CE   0.4563 | KL   1.2455
Epoch 246/300 | Total   1.4975 | CE   0.4593 | KL   1.2434
Epoch 247/300 | Total   1.4995 | CE   0.4628 | KL   1.2372
Epoch 248/300 | Total   1.5027 | CE   0.4647 | KL   1.2343
Epoch 249/300 | Total   1.5052 | CE   0.4668 | KL   1.2303
Epoch 250/300 | Total   1.5102 | CE   0.4721 | KL   1.2257
Epoch 251/300 | Total   1.5120 | CE   0.4738 | KL   1.2213
Epoch 252/300 | Total   1.5162 | CE   0.4787 | KL   1.2162
Epoch 253/300 | Total   1.5179 | CE   0.4790 | KL   1.2136
Epoch 254/300 | Total   1.5229 | CE   0.4839 | KL   1.2096
Epoch 255/300 | Total   1.5250 | CE   0.4868 | KL   1.2043
Epoch 256/300 | Total   1.5266 | CE   0.4885 | KL   1.2002
Epoch 257/300 | Total   1.5311 | CE   0.4940 | KL   1.1947
Epoch 258/300 | Total   1.5342 | CE   0.4974 | KL   1.1904
Epoch 259/300 | Total   1.5376 | CE   0.5006 | KL   1.1866
Epoch 260/300 | Total   1.5409 | CE   0.5041 | KL   1.1823
Epoch 261/300 | Total   1.5464 | CE   0.5080 | KL   1.1800
Epoch 262/300 | Total   1.5487 | CE   0.5110 | KL   1.1753
Epoch 263/300 | Total   1.5504 | CE   0.5142 | KL   1.1695
Epoch 264/300 | Total   1.5539 | CE   0.5170 | KL   1.1663
Epoch 265/300 | Total   1.5585 | CE   0.5207 | KL   1.1635
Epoch 266/300 | Total   1.5593 | CE   0.5232 | KL   1.1577
Epoch 267/300 | Total   1.5650 | CE   0.5289 | KL   1.1538
Epoch 268/300 | Total   1.5672 | CE   0.5314 | KL   1.1497
Epoch 269/300 | Total   1.5698 | CE   0.5343 | KL   1.1455
Epoch 270/300 | Total   1.5724 | CE   0.5371 | KL   1.1415
Epoch 271/300 | Total   1.5747 | CE   0.5416 | KL   1.1353
Epoch 272/300 | Total   1.5786 | CE   0.5455 | KL   1.1316
Epoch 273/300 | Total   1.5820 | CE   0.5480 | KL   1.1289
Epoch 274/300 | Total   1.5849 | CE   0.5515 | KL   1.1245
Epoch 275/300 | Total   1.5876 | CE   0.5544 | KL   1.1206
Epoch 276/300 | Total   1.5898 | CE   0.5576 | KL   1.1159
Epoch 277/300 | Total   1.5923 | CE   0.5622 | KL   1.1101
Epoch 278/300 | Total   1.5971 | CE   0.5657 | KL   1.1078
Epoch 279/300 | Total   1.5998 | CE   0.5692 | KL   1.1034
Epoch 280/300 | Total   1.6035 | CE   0.5720 | KL   1.1008
Epoch 281/300 | Total   1.6063 | CE   0.5745 | KL   1.0977
Epoch 282/300 | Total   1.6106 | CE   0.5787 | KL   1.0944
Epoch 283/300 | Total   1.6121 | CE   0.5805 | KL   1.0905
Epoch 284/300 | Total   1.6145 | CE   0.5843 | KL   1.0855
Epoch 285/300 | Total   1.6144 | CE   0.5865 | KL   1.0797
Epoch 286/300 | Total   1.6209 | CE   0.5922 | KL   1.0771
Epoch 287/300 | Total   1.6247 | CE   0.5948 | KL   1.0751
Epoch 288/300 | Total   1.6251 | CE   0.5956 | KL   1.0712
Epoch 289/300 | Total   1.6295 | CE   0.6019 | KL   1.0660
Epoch 290/300 | Total   1.6343 | CE   0.6050 | KL   1.0644
Epoch 291/300 | Total   1.6349 | CE   0.6075 | KL   1.0591
Epoch 292/300 | Total   1.6374 | CE   0.6103 | KL   1.0557
Epoch 293/300 | Total   1.6413 | CE   0.6141 | KL   1.0525
Epoch 294/300 | Total   1.6444 | CE   0.6179 | KL   1.0485
Epoch 295/300 | Total   1.6494 | CE   0.6223 | KL   1.0460
Epoch 296/300 | Total   1.6519 | CE   0.6249 | KL   1.0426
Epoch 297/300 | Total   1.6550 | CE   0.6281 | KL   1.0394
Epoch 298/300 | Total   1.6556 | CE   0.6300 | KL   1.0349
Epoch 299/300 | Total   1.6576 | CE   0.6339 | KL   1.0299
Epoch 300/300 | Total   1.6631 | CE   0.6391 | KL   1.0271

Example graph (conditioned on test entities):
[('Zaanstad', 'train_to', 'Delft'), ('Delft', 'drive_to', 'Houten'), ('Houten', 'cycle_to', 'Heerhugowaard')]

Semantic evaluation – graphs conditioned on test entities:
Semantic Evaluation Results:
Semantics: 100.0%
Novel_semantics: 100.0%
Novel: 100.0%
Known: 0.0%
Empty: 0.0%

Graph Samples (Printing only 5 samples):

Valid graphs:
Count: 0
Sample: []

Valid novel graphs:
Count: 10000
Sample: [(('Zaanstad', 'drive_to', 'Lelystad'), ('Lelystad', 'cycle_to', 'Leeuwarden'), ('Leeuwarden', 'train_to', 'Emmen')), (('Almere', 'cycle_to', 'Den Helder'), ('Den Helder', 'train_to', 'Haarlem'), ('Haarlem', 'drive_to', 'Purmerend')), (('Hilversum', 'cycle_to', 'Sittard'), ('Sittard', 'train_to', 'Zaandam'), ('Zaandam', 'drive_to', 'IJmuiden')), (('Houten', 'drive_to', 'Hoogeveen'), ('Hoogeveen', 'train_to', 'Capelle aan den IJssel'), ('Capelle aan den IJssel', 'cycle_to', 'Delft')), (('Assen', 'cycle_to', 'Lelystad'), ('Lelystad', 'drive_to', 'Purmerend'), ('Purmerend', 'train_to', 'Heerhugowaard'))]

Invalid graphs:
Count: 0
Sample: []


Example graph (random latent):
[('Heerlen', 'cycle_to', 'Almere'), ('Almere', 'drive_to', 'Roermond'), ('Roermond', 'train_to', 'Apeldoorn')]

Semantic evaluation – graphs from random latent:
Semantic Evaluation Results:
Semantics: 100.0%
Novel_semantics: 100.0%
Novel: 100.0%
Known: 0.0%
Empty: 0.0%

Graph Samples (Printing only 5 samples):

Valid graphs:
Count: 0
Sample: []

Valid novel graphs:
Count: 10000
Sample: [(('Apeldoorn', 'train_to', 'Katwijk'), ('Katwijk', 'cycle_to', 'Zwolle'), ('Zwolle', 'drive_to', 'Alphen aan den Rijn')), (('Ede', 'train_to', 'Heerlen'), ('Heerlen', 'drive_to', 'Maastricht'), ('Maastricht', 'cycle_to', 'Nieuwegein')), (('Almere', 'drive_to', 'Eindhoven'), ('Eindhoven', 'train_to', 'Maastricht'), ('Maastricht', 'cycle_to', 'Arnhem')), (('Almere', 'train_to', 'Rotterdam'), ('Rotterdam', 'drive_to', 'Zaanstad'), ('Zaanstad', 'cycle_to', 'Bergen op Zoom')), (('Sittard', 'cycle_to', 'Groningen'), ('Groningen', 'drive_to', 'Emmen'), ('Emmen', 'train_to', 'Middelburg'))]

Invalid graphs:
Count: 0
Sample: []


  Avg total bits:                   30.49

=== Autoregressive Compression Evaluation ===
Token 1 (id=50): bits = 0.835, entropy = 2.166
Token 2 (id=53): bits = 0.042, entropy = 0.198
Token 3 (id=15): bits = 0.921, entropy = 2.251
Token 4 (id=15): bits = 0.000, entropy = 0.001
Token 5 (id=52): bits = 0.282, entropy = 0.677
Token 6 (id=4): bits = 1.331, entropy = 3.237
Token 7 (id=4): bits = 0.000, entropy = 0.001
Token 8 (id=54): bits = 0.000, entropy = 0.000
Token 9 (id=51): bits = 0.679, entropy = 2.513
Token 10 (id=2): bits = -0.000, entropy = 0.000
Token 1 (id=11): bits = 0.010, entropy = 0.070
Token 2 (id=53): bits = 0.435, entropy = 0.830
Token 3 (id=27): bits = 1.136, entropy = 2.854
Token 4 (id=27): bits = 0.000, entropy = 0.000
Token 5 (id=52): bits = 0.008, entropy = 0.051
Token 6 (id=25): bits = 1.582, entropy = 3.299
Token 7 (id=25): bits = 0.001, entropy = 0.010
Token 8 (id=54): bits = 0.000, entropy = 0.000
Token 9 (id=36): bits = 1.102, entropy = 2.950
Token 10 (id=2): bits = -0.000, entropy = 0.000
Token 1 (id=44): bits = 0.193, entropy = 0.823
Token 2 (id=54): bits = 0.040, entropy = 0.182
Token 3 (id=23): bits = 1.500, entropy = 2.537
Token 4 (id=23): bits = 0.000, entropy = 0.000
Token 5 (id=52): bits = 0.154, entropy = 0.473
Token 6 (id=4): bits = 1.239, entropy = 2.838
Token 7 (id=4): bits = 0.000, entropy = 0.000
Token 8 (id=53): bits = 0.000, entropy = 0.000
Token 9 (id=27): bits = 1.072, entropy = 2.626
Token 10 (id=2): bits = -0.000, entropy = 0.000
Token 1 (id=25): bits = 0.392, entropy = 0.993
Token 2 (id=54): bits = 0.002, entropy = 0.016
Token 3 (id=45): bits = 0.485, entropy = 1.749
Token 4 (id=45): bits = 0.000, entropy = 0.000
Token 5 (id=52): bits = 0.747, entropy = 0.973
Token 6 (id=20): bits = 1.370, entropy = 2.669
Token 7 (id=20): bits = 0.000, entropy = 0.001
Token 8 (id=53): bits = 0.000, entropy = 0.000
Token 9 (id=27): bits = 1.186, entropy = 2.953
Token 10 (id=2): bits = -0.000, entropy = 0.000
Token 1 (id=9): bits = 1.445, entropy = 2.065
Token 2 (id=53): bits = 0.315, entropy = 0.717
Token 3 (id=51): bits = 1.263, entropy = 2.094
Token 4 (id=51): bits = 0.000, entropy = 0.005
Token 5 (id=52): bits = 0.019, entropy = 0.102
Token 6 (id=23): bits = 0.733, entropy = 2.053
Token 7 (id=23): bits = 0.000, entropy = 0.000
Token 8 (id=54): bits = 0.000, entropy = 0.001
Token 9 (id=14): bits = 0.500, entropy = 1.851
Token 10 (id=2): bits = -0.000, entropy = 0.000
Token 1 (id=27): bits = 0.756, entropy = 1.835
Token 2 (id=53): bits = 0.040, entropy = 0.199
Token 3 (id=45): bits = 1.383, entropy = 2.562
Token 4 (id=45): bits = 0.000, entropy = 0.002
Token 5 (id=54): bits = 0.984, entropy = 1.002
Token 6 (id=3): bits = 1.560, entropy = 2.519
Token 7 (id=3): bits = 0.000, entropy = 0.001
Token 8 (id=52): bits = 0.000, entropy = 0.001
Token 9 (id=50): bits = 1.005, entropy = 2.799
Token 10 (id=2): bits = -0.000, entropy = 0.000
Token 1 (id=8): bits = 1.443, entropy = 2.755
Token 2 (id=54): bits = 0.332, entropy = 0.733
Token 3 (id=30): bits = 0.818, entropy = 1.236
Token 4 (id=30): bits = 0.000, entropy = 0.000
Token 5 (id=52): bits = 0.087, entropy = 0.322
Token 6 (id=19): bits = 0.459, entropy = 1.804
Token 7 (id=19): bits = 0.000, entropy = 0.002
Token 8 (id=53): bits = 0.000, entropy = 0.000
Token 9 (id=31): bits = 1.864, entropy = 3.428
Token 10 (id=2): bits = -0.000, entropy = 0.000
Token 1 (id=6): bits = 1.024, entropy = 2.170
Token 2 (id=54): bits = 0.000, entropy = 0.002
Token 3 (id=35): bits = 1.430, entropy = 2.889
Token 4 (id=35): bits = 0.000, entropy = 0.001
Token 5 (id=53): bits = 0.555, entropy = 0.904
Token 6 (id=13): bits = 0.090, entropy = 0.517
Token 7 (id=13): bits = 0.000, entropy = 0.000
Token 8 (id=52): bits = 0.000, entropy = 0.000
Token 9 (id=50): bits = 1.448, entropy = 3.563
Token 10 (id=2): bits = -0.000, entropy = 0.000
Token 1 (id=19): bits = 0.995, entropy = 2.498
Token 2 (id=52): bits = 0.002, entropy = 0.014
Token 3 (id=30): bits = 2.316, entropy = 3.357
Token 4 (id=30): bits = 0.000, entropy = 0.000
Token 5 (id=54): bits = 0.348, entropy = 0.750
Token 6 (id=17): bits = 0.389, entropy = 1.420
Token 7 (id=17): bits = 0.000, entropy = 0.001
Token 8 (id=53): bits = 0.000, entropy = 0.000
Token 9 (id=8): bits = 2.366, entropy = 3.453
Token 10 (id=2): bits = -0.000, entropy = 0.000
Token 1 (id=14): bits = 0.454, entropy = 1.373
Token 2 (id=54): bits = 0.058, entropy = 0.240
Token 3 (id=33): bits = 1.421, entropy = 2.434
Token 4 (id=33): bits = 0.000, entropy = 0.000
Token 5 (id=52): bits = 0.194, entropy = 0.546
Token 6 (id=6): bits = 0.463, entropy = 1.602
Token 7 (id=6): bits = 0.000, entropy = 0.001
Token 8 (id=53): bits = 0.000, entropy = 0.000
Token 9 (id=31): bits = 1.924, entropy = 4.045
Token 10 (id=2): bits = -0.000, entropy = 0.000

[Bits from prior z ~ N(0,I), evaluated on G ~ p(G|z)]
  Avg: 4.85
  Min: 1.54
  Max: 8.13
Token 1 (id=27): bits = 2.421, entropy = 1.980
Token 2 (id=53): bits = 0.170, entropy = 0.508
Token 3 (id=31): bits = 2.009, entropy = 2.475
Token 4 (id=31): bits = 0.000, entropy = 0.000
Token 5 (id=54): bits = 0.114, entropy = 0.390
Token 6 (id=35): bits = 5.441, entropy = 2.716
Token 7 (id=35): bits = 0.000, entropy = 0.001
Token 8 (id=52): bits = 0.000, entropy = 0.001
Token 9 (id=47): bits = 0.264, entropy = 1.166
Token 10 (id=2): bits = -0.000, entropy = 0.000
Token 1 (id=51): bits = 0.222, entropy = 0.815
Token 2 (id=54): bits = 0.000, entropy = 0.001
Token 3 (id=48): bits = 0.544, entropy = 1.656
Token 4 (id=48): bits = 0.000, entropy = 0.000
Token 5 (id=53): bits = 0.010, entropy = 0.061
Token 6 (id=3): bits = 5.776, entropy = 1.569
Token 7 (id=3): bits = 0.000, entropy = 0.000
Token 8 (id=52): bits = 0.000, entropy = 0.000
Token 9 (id=49): bits = 0.386, entropy = 1.472
Token 10 (id=2): bits = -0.000, entropy = 0.000
Token 1 (id=17): bits = 0.964, entropy = 2.374
Token 2 (id=52): bits = 0.000, entropy = 0.004
Token 3 (id=44): bits = 1.106, entropy = 2.496
Token 4 (id=44): bits = 0.000, entropy = 0.001
Token 5 (id=53): bits = 0.711, entropy = 0.964
Token 6 (id=6): bits = 1.957, entropy = 3.087
Token 7 (id=6): bits = 0.000, entropy = 0.000
Token 8 (id=54): bits = 0.000, entropy = 0.000
Token 9 (id=34): bits = 5.322, entropy = 3.317
Token 10 (id=2): bits = -0.000, entropy = 0.000
Token 1 (id=24): bits = 2.752, entropy = 1.803
Token 2 (id=52): bits = 0.000, entropy = 0.002
Token 3 (id=13): bits = 0.346, entropy = 1.249
Token 4 (id=13): bits = 0.000, entropy = 0.000
Token 5 (id=53): bits = 1.049, entropy = 0.999
Token 6 (id=25): bits = 4.532, entropy = 2.836
Token 7 (id=25): bits = 0.000, entropy = 0.000
Token 8 (id=54): bits = 0.000, entropy = 0.000
Token 9 (id=27): bits = 0.607, entropy = 2.032
Token 10 (id=2): bits = -0.000, entropy = 0.000
Token 1 (id=35): bits = 0.141, entropy = 0.599
Token 2 (id=52): bits = 0.030, entropy = 0.146
Token 3 (id=49): bits = 5.862, entropy = 2.664
Token 4 (id=49): bits = 0.000, entropy = 0.000
Token 5 (id=53): bits = 2.320, entropy = 0.722
Token 6 (id=46): bits = 0.384, entropy = 1.400
Token 7 (id=46): bits = 0.000, entropy = 0.000
Token 8 (id=54): bits = 0.000, entropy = 0.000
Token 9 (id=3): bits = 1.595, entropy = 3.005
Token 10 (id=2): bits = -0.000, entropy = 0.000
Token 1 (id=16): bits = 0.954, entropy = 1.842
Token 2 (id=54): bits = 0.000, entropy = 0.000
Token 3 (id=25): bits = 0.606, entropy = 1.724
Token 4 (id=25): bits = 0.000, entropy = 0.000
Token 5 (id=53): bits = 0.001, entropy = 0.008
Token 6 (id=36): bits = 0.639, entropy = 2.010
Token 7 (id=36): bits = 0.000, entropy = 0.001
Token 8 (id=52): bits = 0.000, entropy = 0.000
Token 9 (id=4): bits = 3.929, entropy = 3.939
Token 10 (id=2): bits = -0.000, entropy = 0.000
Token 1 (id=3): bits = 0.408, entropy = 1.206
Token 2 (id=53): bits = 0.018, entropy = 0.109
Token 3 (id=10): bits = 3.680, entropy = 2.253
Token 4 (id=10): bits = 0.000, entropy = 0.002
Token 5 (id=52): bits = 0.432, entropy = 0.826
Token 6 (id=16): bits = 4.720, entropy = 2.347
Token 7 (id=16): bits = 0.000, entropy = 0.000
Token 8 (id=54): bits = 0.000, entropy = 0.000
Token 9 (id=40): bits = 5.452, entropy = 3.915
Token 10 (id=2): bits = -0.000, entropy = 0.000
Token 1 (id=15): bits = 2.605, entropy = 2.931
Token 2 (id=54): bits = 0.000, entropy = 0.001
Token 3 (id=16): bits = 0.708, entropy = 1.547
Token 4 (id=16): bits = 0.000, entropy = 0.001
Token 5 (id=53): bits = 0.028, entropy = 0.135
Token 6 (id=46): bits = 3.588, entropy = 1.684
Token 7 (id=46): bits = 0.000, entropy = 0.001
Token 8 (id=52): bits = 0.000, entropy = 0.000
Token 9 (id=31): bits = 6.461, entropy = 2.706
Token 10 (id=2): bits = -0.000, entropy = 0.000
Token 1 (id=21): bits = 0.328, entropy = 0.917
Token 2 (id=52): bits = 1.049, entropy = 1.001
Token 3 (id=24): bits = 2.150, entropy = 2.182
Token 4 (id=24): bits = 0.000, entropy = 0.002
Token 5 (id=54): bits = 0.059, entropy = 0.242
Token 6 (id=29): bits = 0.860, entropy = 1.980
Token 7 (id=29): bits = 0.000, entropy = 0.000
Token 8 (id=53): bits = 0.000, entropy = 0.002
Token 9 (id=34): bits = 1.826, entropy = 2.754
Token 10 (id=2): bits = -0.000, entropy = 0.000
Token 1 (id=3): bits = 0.607, entropy = 1.661
Token 2 (id=53): bits = 0.101, entropy = 0.362
Token 3 (id=13): bits = 2.886, entropy = 1.457
Token 4 (id=13): bits = 0.000, entropy = 0.003
Token 5 (id=54): bits = 0.026, entropy = 0.128
Token 6 (id=29): bits = 2.213, entropy = 1.835
Token 7 (id=29): bits = 0.001, entropy = 0.010
Token 8 (id=52): bits = 0.000, entropy = 0.000
Token 9 (id=51): bits = 4.477, entropy = 2.401
Token 10 (id=2): bits = -0.000, entropy = 0.000


=== Local Latent Neighborhood Exploration ===

--- Reference Graph (z₀) ---
(Katwijk, train_to, Haarlem)
(Haarlem, cycle_to, Almere)
(Almere, drive_to, IJmuiden)

--- Perturbed z #1 ---
(Zwolle, train_to, Houten)
(Houten, drive_to, Hardenberg)
(Hardenberg, cycle_to, Haarlem)
# Overlapping triples with z₀: 0 / 3

--- Perturbed z #2 ---
(Houten, cycle_to, Almere)
(Almere, drive_to, Zwolle)
(Zwolle, train_to, Hardenberg)
# Overlapping triples with z₀: 0 / 3

--- Perturbed z #3 ---
(Katwijk, drive_to, Haarlem)
(Haarlem, cycle_to, Gouda)
(Gouda, train_to, Amsterdam)
# Overlapping triples with z₀: 0 / 3

--- Perturbed z #4 ---
(Alphen aan den Rijn, train_to, Katwijk)
(Katwijk, cycle_to, Almere)
(Almere, drive_to, ’s-Hertogenbosch)
# Overlapping triples with z₀: 0 / 3

--- Perturbed z #5 ---
(Haarlem, train_to, Katwijk)
(Katwijk, cycle_to, Alphen aan den Rijn)
(Alphen aan den Rijn, drive_to, Delft)
# Overlapping triples with z₀: 0 / 3

--- Perturbed z #6 ---
(Katwijk, cycle_to, Alphen aan den Rijn)
(Alphen aan den Rijn, drive_to, Almere)
(Almere, train_to, Hoogeveen)
# Overlapping triples with z₀: 0 / 3

--- Perturbed z #7 ---
(Katwijk, train_to, Alphen aan den Rijn)
(Alphen aan den Rijn, cycle_to, Barneveld)
(Barneveld, drive_to, Roermond)
# Overlapping triples with z₀: 0 / 3

--- Perturbed z #8 ---
(Alphen aan den Rijn, cycle_to, Katwijk)
(Katwijk, drive_to, ’s-Hertogenbosch)
(’s-Hertogenbosch, train_to, Maastricht)
# Overlapping triples with z₀: 0 / 3

--- Perturbed z #9 ---
(Zwolle, train_to, Spijkenisse)
(Spijkenisse, cycle_to, Katwijk)
(Katwijk, drive_to, Houten)
# Overlapping triples with z₀: 0 / 3

--- Perturbed z #10 ---
(Katwijk, cycle_to, Haarlem)
(Haarlem, drive_to, Gouda)
(Gouda, train_to, Emmen)
# Overlapping triples with z₀: 0 / 3

--- Perturbed z #11 ---
(Alphen aan den Rijn, train_to, Zwolle)
(Zwolle, cycle_to, Katwijk)
(Katwijk, drive_to, Delft)
# Overlapping triples with z₀: 0 / 3

--- Perturbed z #12 ---
(Roermond, train_to, Apeldoorn)
(Apeldoorn, cycle_to, Maastricht)
(Maastricht, drive_to, Gouda)
# Overlapping triples with z₀: 0 / 3

--- Perturbed z #13 ---
(Katwijk, train_to, Alphen aan den Rijn)
(Alphen aan den Rijn, cycle_to, Barneveld)
(Barneveld, drive_to, ’s-Hertogenbosch)
# Overlapping triples with z₀: 0 / 3

--- Perturbed z #14 ---
(Katwijk, train_to, Zwolle)
(Zwolle, cycle_to, Amsterdam)
(Amsterdam, drive_to, Nieuwegein)
# Overlapping triples with z₀: 0 / 3

--- Perturbed z #15 ---
(Alphen aan den Rijn, train_to, Bergen op Zoom)
(Bergen op Zoom, drive_to, Capelle aan den IJssel)
(Capelle aan den IJssel, cycle_to, Maastricht)
# Overlapping triples with z₀: 0 / 3

--- Perturbed z #16 ---
(Roermond, train_to, Apeldoorn)
(Apeldoorn, drive_to, Capelle aan den IJssel)
(Capelle aan den IJssel, cycle_to, Nieuwegein)
# Overlapping triples with z₀: 0 / 3

--- Perturbed z #17 ---
(Katwijk, cycle_to, Barneveld)
(Barneveld, drive_to, Roermond)
(Roermond, train_to, Zeist)
# Overlapping triples with z₀: 0 / 3

--- Perturbed z #18 ---
(Zwolle, train_to, Amsterdam)
(Amsterdam, cycle_to, Nieuwegein)
(Nieuwegein, drive_to, Spijkenisse)
# Overlapping triples with z₀: 0 / 3

--- Perturbed z #19 ---
(Katwijk, train_to, Zwolle)
(Zwolle, cycle_to, IJmuiden)
(IJmuiden, drive_to, Haarlem)
# Overlapping triples with z₀: 0 / 3

--- Perturbed z #20 ---
(Alphen aan den Rijn, train_to, Zwolle)
(Zwolle, cycle_to, Houten)
(Houten, drive_to, Groningen)
# Overlapping triples with z₀: 0 / 3

[Graph Diversity from 10000 Random Latents]
  Unique graphs generated: 9992
  Diversity ratio: 0.999


Posterior bits-per-graph (reconstruction test)
  avg total :  26.54 bits
  avg AR    :  11.04
  avg KL    :  15.49
  min / max : 19.20 / 39.76


JOB STATISTICS
==============
Job ID: 12534034
Cluster: snellius
User/Group: avozikis/avozikis
State: RUNNING
Nodes: 1
Cores per node: 18
CPU Utilized: 00:00:00
CPU Efficiency: 0.00% of 14:26:24 core-walltime
Job Wall-clock time: 00:48:08
Memory Utilized: 0.00 MB
Memory Efficiency: 0.00% of 64.00 GB (64.00 GB/node)
WARNING: Efficiency statistics can only be obtained after the job has ended as seff tool is based on the accounting database data.
